Log file open, 08/31/17 19:32:41
LogInit:Display: Running engine for game: UE4_Person_v2
LogPlatformFile: Not using cached read wrapper
LogInit:Display: RandInit(-2108384758) SRandInit(-2108384758).
LogTaskGraph: Started task graph with 5 named threads and 6 total threads with 1 sets of task threads.
LogStats: Stats thread started at 0.065488
LogInit: Using libcurl 7.47.1
LogInit:  - built for x86_64-pc-win32
LogInit:  - supports SSL with OpenSSL/1.0.2g
LogInit:  - supports HTTP deflate (compression) using libz 1.2.8
LogInit:  - other features:
LogInit:      CURL_VERSION_SSL
LogInit:      CURL_VERSION_LIBZ
LogInit:      CURL_VERSION_IPV6
LogInit:      CURL_VERSION_ASYNCHDNS
LogInit:      CURL_VERSION_LARGEFILE
LogInit:      CURL_VERSION_IDN
LogInit:  CurlRequestOptions (configurable via config and command line):
LogInit:  - bVerifyPeer = false  - Libcurl will NOT verify peer certificate
LogInit:  - bUseHttpProxy = false  - Libcurl will NOT use HTTP proxy
LogInit:  - bDontReuseConnections = false  - Libcurl will reuse connections
LogInit:  - CertBundlePath = nullptr  - Libcurl will use whatever was configured at build time.
LogInit: Build: ++UE4+Release-4.16-CL-3514769
LogInit: Engine Version: 4.16.2-3514769+++UE4+Release-4.16
LogInit: Compatible Engine Version: 4.16.0-3452394+++UE4+Release-4.16
LogInit: Net CL: 3452394
LogDevObjectVersion: Number of dev versions registered: 16
LogDevObjectVersion:   Dev-Blueprints (B0D832E4-1F89-4F0D-ACCF-7EB736FD4AA2): 9
LogDevObjectVersion:   Dev-Build (E1C64328-A22C-4D53-A36C-8E866417BD8C): 0
LogDevObjectVersion:   Dev-Core (375EC13C-06E4-48FB-B500-84F0262A717E): 2
LogDevObjectVersion:   Dev-Editor (E4B068ED-F494-42E9-A231-DA0B2E46BB41): 17
LogDevObjectVersion:   Dev-Framework (CFFC743F-43B0-4480-9391-14DF171D2073): 23
LogDevObjectVersion:   Dev-Mobile (B02B49B5-BB20-44E9-A304-32B752E40360): 0
LogDevObjectVersion:   Dev-Networking (A4E4105C-59A1-49B5-A7C5-40C4547EDFEE): 0
LogDevObjectVersion:   Dev-Online (39C831C9-5AE6-47DC-9A44-9C173E1C8E7C): 0
LogDevObjectVersion:   Dev-Physics (78F01B33-EBEA-4F98-B9B4-84EACCB95AA2): 0
LogDevObjectVersion:   Dev-Platform (6631380F-2D4D-43E0-8009-CF276956A95A): 0
LogDevObjectVersion:   Dev-Rendering (12F88B9F-8875-4AFC-A67C-D90C383ABD29): 15
LogDevObjectVersion:   Dev-Sequencer (7B5AE74C-D270-4C10-A958-57980B212A5A): 4
LogDevObjectVersion:   Dev-VR (D7296918-1DD6-4BDD-9DE2-64A83CC13884): 0
LogDevObjectVersion:   Dev-LoadTimes (C2A15278-BFE7-4AFE-6C17-90FF531DF755): 1
LogDevObjectVersion:   Private-Geometry (6EACA3D4-40EC-4CC1-B786-8BED09428FC5): 1
LogDevObjectVersion:   Dev-AnimPhys (29E575DD-E0A3-4627-9D10-D276232CDCEA): 3
LogInit: Compiled (64-bit): Jun 29 2017 02:03:24
LogInit: Compiled with Visual C++: 19.00.24215.01
LogInit: Build Configuration: Development
LogInit: Branch Name: ++UE4+Release-4.16
LogInit: Command line: 
LogInit: Base directory: I:/Program Files/Epic Games/UE_4.16/Engine/Binaries/Win64/
LogInit: Installed Engine Build: 1
LogInit: Presizing for max 8388607 objects, including 0 objects not considered by GC, pre-allocating 0 bytes for permanent pool.
LogInit: Object subsystem initialized
[2017.08.31-16.32.41:566][  0]LogInit: Selected Device Profile: [Windows]
[2017.08.31-16.32.41:566][  0]LogInit: Applying CVar settings loaded from the selected device profile: [Windows]
[2017.08.31-16.32.41:572][  0]LogInit: Computer: PC-LITE
[2017.08.31-16.32.41:572][  0]LogInit: User: User
[2017.08.31-16.32.41:572][  0]LogInit: CPU Page size=4096, Cores=2
[2017.08.31-16.32.41:572][  0]LogInit: High frequency timer resolution =3.609375 MHz
[2017.08.31-16.32.41:572][  0]LogMemory: Memory total: Physical=7.9GB (8GB approx)
[2017.08.31-16.32.41:572][  0]LogMemory: Platform Memory Stats for Windows
[2017.08.31-16.32.41:572][  0]LogMemory: Process Physical Memory: 273.58 MB used, 273.58 MB peak
[2017.08.31-16.32.41:572][  0]LogMemory: Process Virtual Memory: 274.26 MB used, 274.26 MB peak
[2017.08.31-16.32.41:572][  0]LogMemory: Physical Memory: 3345.32 MB used,  4790.76 MB free, 8136.09 MB total
[2017.08.31-16.32.41:572][  0]LogMemory: Virtual Memory: 650.04 MB used,  4790.76 MB free, 134217728.00 MB total
[2017.08.31-16.32.41:627][  0]LogInit: Using OS detected language (ru-RU).
[2017.08.31-16.32.41:627][  0]LogInit: Using OS detected locale (ru-RU).
[2017.08.31-16.32.41:629][  0]LogTextLocalizationManager: No localization for 'ru-RU' exists, so 'en' will be used for the language.
[2017.08.31-16.32.41:629][  0]LogTextLocalizationManager: No localization for 'ru-RU' exists, so 'en' will be used for the locale.
[2017.08.31-16.32.42:374][  0]LogD3D11RHI: D3D11 adapters:
[2017.08.31-16.32.42:877][  0]LogD3D11RHI:    0. 'NVIDIA GeForce GTX 1050 Ti' (Feature Level 11_0)
[2017.08.31-16.32.42:877][  0]LogD3D11RHI:       4014/0/4068 MB DedicatedVideo/DedicatedSystem/SharedSystem, Outputs:2, VendorId:0x10de
[2017.08.31-16.32.42:878][  0]LogD3D11RHI:    1. 'Microsoft Basic Render Driver' (Feature Level 11_0)
[2017.08.31-16.32.42:878][  0]LogD3D11RHI:       0/0/4068 MB DedicatedVideo/DedicatedSystem/SharedSystem, Outputs:0, VendorId:0x1414
[2017.08.31-16.32.42:878][  0]LogD3D11RHI: Chosen D3D11 Adapter: 0
[2017.08.31-16.32.42:881][  0]LogD3D11RHI: Creating new Direct3DDevice
[2017.08.31-16.32.42:882][  0]LogD3D11RHI:     GPU DeviceId: 0x1c82 (for the marketing name, search the web for "GPU Device Id")
[2017.08.31-16.32.42:882][  0]LogWindows: EnumDisplayDevices:
[2017.08.31-16.32.42:882][  0]LogWindows:    0. 'NVIDIA GeForce GTX 1050 Ti' (P:1 D:1)
[2017.08.31-16.32.42:882][  0]LogWindows:    1. 'NVIDIA GeForce GTX 1050 Ti' (P:0 D:1)
[2017.08.31-16.32.42:882][  0]LogWindows:    2. 'NVIDIA GeForce GTX 1050 Ti' (P:0 D:0)
[2017.08.31-16.32.42:882][  0]LogWindows:    3. 'NVIDIA GeForce GTX 1050 Ti' (P:0 D:0)
[2017.08.31-16.32.42:882][  0]LogWindows: DebugString: FoundDriverCount:4 
[2017.08.31-16.32.42:882][  0]LogD3D11RHI:     Adapter Name: NVIDIA GeForce GTX 1050 Ti
[2017.08.31-16.32.42:882][  0]LogD3D11RHI:   Driver Version: 384.76 (internal:22.21.13.8476, unified:384.76)
[2017.08.31-16.32.42:882][  0]LogD3D11RHI:      Driver Date: 6-27-2017
[2017.08.31-16.32.42:882][  0]LogRHI: Texture pool is 1361 MB (70% of 1945 MB)
[2017.08.31-16.32.43:410][  0]LogD3D11RHI: Async texture creation enabled
[2017.08.31-16.32.43:484][  0]LogD3D11RHI: GPU Timing Frequency: 1000.000000 (Debug: 2 1)
[2017.08.31-16.32.43:534][  0]LogD3D11RHI: HDR output is supported on display 1 (NvId: 0x80061082).
[2017.08.31-16.32.43:534][  0]LogShaderCompilers: Guid format shader working directory is -9 characters bigger than the processId version (F:/git/UE4_Person_v2/UE4_Person_v2/Intermediate/Shaders/WorkingDirectory/2368/).
[2017.08.31-16.32.43:535][  0]LogShaderCompilers: Cleaned the shader compiler working directory 'D:/TEMP/Temp/UnrealShaderWorkingDir/128CDFBC44A9AFE30D9F9D9AD7BF4D8F/'.
[2017.08.31-16.32.43:535][  0]LogShaderCompilers:Display: Using Local Shader Compiler.
[2017.08.31-16.32.44:348][  0]LogTemp:Display: Loaded TP AllDesktopTargetPlatform
[2017.08.31-16.32.44:377][  0]LogTemp:Display: Loaded TP MacClientTargetPlatform
[2017.08.31-16.32.44:406][  0]LogTemp:Display: Loaded TP MacNoEditorTargetPlatform
[2017.08.31-16.32.44:434][  0]LogTemp:Display: Loaded TP MacServerTargetPlatform
[2017.08.31-16.32.44:463][  0]LogTemp:Display: Loaded TP MacTargetPlatform
[2017.08.31-16.32.44:492][  0]LogTemp:Display: Loaded TP WindowsClientTargetPlatform
[2017.08.31-16.32.44:521][  0]LogTemp:Display: Loaded TP WindowsNoEditorTargetPlatform
[2017.08.31-16.32.44:549][  0]LogTemp:Display: Loaded TP WindowsServerTargetPlatform
[2017.08.31-16.32.44:572][  0]LogTemp:Display: Loaded TP WindowsTargetPlatform
[2017.08.31-16.32.44:600][  0]LogTemp:Display: Loaded TP AndroidTargetPlatform
[2017.08.31-16.32.44:628][  0]LogTemp:Display: Loaded TP Android_ASTCTargetPlatform
[2017.08.31-16.32.44:655][  0]LogTemp:Display: Loaded TP Android_ATCTargetPlatform
[2017.08.31-16.32.44:682][  0]LogTemp:Display: Loaded TP Android_DXTTargetPlatform
[2017.08.31-16.32.44:710][  0]LogTemp:Display: Loaded TP Android_ETC1TargetPlatform
[2017.08.31-16.32.44:737][  0]LogTemp:Display: Loaded TP Android_ETC2TargetPlatform
[2017.08.31-16.32.44:793][  0]LogTemp:Display: Loaded TP Android_MultiTargetPlatform
[2017.08.31-16.32.44:793][  0]LogTemp:Display: Loaded TP Android_PVRTCTargetPlatform
[2017.08.31-16.32.44:814][  0]LogTemp:Display: Loaded TP HTML5TargetPlatform
[2017.08.31-16.32.44:875][  0]LogTemp:Display: Loaded TP IOSTargetPlatform
[2017.08.31-16.32.44:893][  0]LogTemp:Display: Loaded TP TVOSTargetPlatform
[2017.08.31-16.32.44:921][  0]LogTemp:Display: Loaded TP LinuxClientTargetPlatform
[2017.08.31-16.32.44:948][  0]LogTemp:Display: Loaded TP LinuxNoEditorTargetPlatform
[2017.08.31-16.32.44:976][  0]LogTemp:Display: Loaded TP LinuxServerTargetPlatform
[2017.08.31-16.32.45:005][  0]LogTemp:Display: Loaded TP LinuxTargetPlatform
[2017.08.31-16.32.45:005][  0]LogTargetPlatformManager:Display: Building Assets For Windows
[2017.08.31-16.32.45:266][  0]LogDerivedDataCache:Display: Max Cache Size: 512 MB
[2017.08.31-16.32.45:355][  0]LogDerivedDataCache: Loaded boot cache 0.09s 90MB C:/Users/User/AppData/Local/UnrealEngine/4.16/DerivedDataCache/Boot.ddc.
[2017.08.31-16.32.45:355][  0]LogDerivedDataCache:Display: Loaded Boot cache: C:/Users/User/AppData/Local/UnrealEngine/4.16/DerivedDataCache/Boot.ddc
[2017.08.31-16.32.45:355][  0]LogDerivedDataCache: FDerivedDataBackendGraph:  Pak pak cache file F:/git/UE4_Person_v2/UE4_Person_v2/DerivedDataCache/DDC.ddp not found, will not use a pak cache.
[2017.08.31-16.32.45:355][  0]LogDerivedDataCache: Unable to find inner node Pak for hierarchical cache Hierarchy.
[2017.08.31-16.32.45:355][  0]LogDerivedDataCache: FDerivedDataBackendGraph:  CompressedPak pak cache file F:/git/UE4_Person_v2/UE4_Person_v2/DerivedDataCache/Compressed.ddp not found, will not use a pak cache.
[2017.08.31-16.32.45:355][  0]LogDerivedDataCache: Unable to find inner node CompressedPak for hierarchical cache Hierarchy.
[2017.08.31-16.32.45:369][  0]LogDerivedDataCache:Display: Pak cache opened for reading ../../../Engine/DerivedDataCache/Compressed.ddp.
[2017.08.31-16.32.45:381][  0]LogDerivedDataCache: Using Local data cache path C:/Users/User/AppData/Local/UnrealEngine/Common/DerivedDataCache: Writable
[2017.08.31-16.32.45:389][  0]LogMaterial: Verifying Global Shaders for PCD3D_SM5
[2017.08.31-16.32.45:389][  0]LogSlate: Using Freetype 2.6.0
[2017.08.31-16.32.45:390][  0]LogSlate: SlateFontCache - WITH_FREETYPE: 1, WITH_HARFBUZZ: 1
[2017.08.31-16.32.45:390][  0]LogSlate: SlateFontCache - WITH_FREETYPE: 1, WITH_HARFBUZZ: 1
[2017.08.31-16.32.45:622][  0]LogInit: Selected Device Profile: [Windows]
[2017.08.31-16.32.45:689][  0]LogContentStreaming: Texture pool size is 0.00 MB
[2017.08.31-16.32.45:800][  0]LogMeshUtilities: Using QuadricMeshReduction for automatic static mesh reduction
[2017.08.31-16.32.45:823][  0]LogSimplygon: Simplygon DLL not present - disabling.
[2017.08.31-16.32.45:846][  0]LogMeshUtilities: Using SimplygonSwarm for distributed automatic mesh merging
[2017.08.31-16.32.45:846][  0]LogMeshUtilities: No automatic skeletal mesh reduction module available
[2017.08.31-16.32.45:846][  0]LogMeshUtilities: No automatic mesh merging module available
[2017.08.31-16.32.46:265][  0]LogNetVersion: UE4_Person_v2 , NetCL: 3452394, EngineNetVer: 2, GameNetVer: 0 (Checksum: 3957557026)
[2017.08.31-16.32.46:314][  0]LogAssetRegistry: FAssetRegistry took 0.0251 seconds to start up
[2017.08.31-16.32.46:346][  0]LogPackageLocalizationCache: Processed 5 localized package path(s) for 1 prioritized culture(s) in 0.014954 seconds
[2017.08.31-16.32.46:352][  0]LogUObjectArray: 34194 objects as part of root set at end of initial load.
[2017.08.31-16.32.46:352][  0]LogUObjectAllocator: 7260424 out of 0 bytes used by permanent object pool.
[2017.08.31-16.32.46:352][  0]LogUObjectArray: CloseDisregardForGC: 0/0 objects in disregard for GC pool
[2017.08.31-16.32.46:386][  0]LogInit: WinSock: version 1.1 (2.2), MaxSocks=32767, MaxUdp=65467
[2017.08.31-16.32.47:943][  0]LogTcpMessaging: Initializing TcpMessaging bridge
[2017.08.31-16.32.47:969][  0]LogUdpMessaging: Initializing bridge on interface 0.0.0.0:0 to multicast group 230.0.0.1:6666.
[2017.08.31-16.32.48:331][  0]LogMaterial: Uniform references updated for custom material expression Custom.
[2017.08.31-16.32.48:567][  0]SourceControl: Info Source control is disabled
[2017.08.31-16.32.48:567][  0]SourceControl: Info Source control is disabled
[2017.08.31-16.32.48:591][  0]SourceControl: Info Source control is disabled
[2017.08.31-16.32.48:615][  0]SourceControl: Info Source control is disabled
[2017.08.31-16.32.48:747][  0]LogLinker:Warning: Can't find file '/Game/ThirdPersonBP/ThirdPersonOverview'
[2017.08.31-16.32.48:747][  0]LogLinker:Warning: Can't find file '/Game/ThirdPersonBP/ThirdPersonOverview'
[2017.08.31-16.32.48:747][  0]LogUObjectGlobals:Warning: Failed to find object 'Class /Game/ThirdPersonBP/ThirdPersonOverview.ThirdPersonOverview_C'
[2017.08.31-16.32.48:982][  0]LogAndroidPermission: UAndroidPermissionCallbackProxy::GetInstance
[2017.08.31-16.32.49:308][  0]LogEngine: Initializing Engine...
[2017.08.31-16.32.49:309][  0]LogHMD: Failed to initialize OpenVR with code 110
[2017.08.31-16.32.49:491][  0]LogStats: UGameplayTagsManager::ConstructGameplayTagTree: Construct from data asset -  0.000 s
[2017.08.31-16.32.49:491][  0]LogStats: UGameplayTagsManager::ConstructGameplayTagTree: GameplayTagTreeChangedEvent.Broadcast -  0.000 s
[2017.08.31-16.32.49:568][  0]LogAIModule: Creating AISystem for world Untitled
[2017.08.31-16.32.49:576][  0]LogInit: XAudio2 using 'Динамики (Realtek High Definition Audio)' : 2 channels at 48 kHz using 32 bits per sample (channel mask 0x3)
[2017.08.31-16.32.49:587][  0]LogInit: FAudioDevice initialized.
[2017.08.31-16.32.49:629][  0]LogDerivedDataCache: Saved boot cache 0.04s 90MB C:/Users/User/AppData/Local/UnrealEngine/4.16/DerivedDataCache/Boot.ddc.
[2017.08.31-16.32.49:642][  0]LogInit: Texture streaming: Enabled
[2017.08.31-16.32.49:695][  0]LogEngineSessionManager: EngineSessionManager initialized
[2017.08.31-16.32.49:806][  0]LogWindowsTextInputMethodSystem:Display: IME system now deactivated.
[2017.08.31-16.32.49:815][  0]LogInit: Transaction tracking system initialized
[2017.08.31-16.32.49:977][  0]BlueprintLog: New page: Editor Load
[2017.08.31-16.32.50:471][  0]LocalizationService: Info Localization service is disabled
[2017.08.31-16.32.50:831][  0]LogConsoleResponse:Display: 
[2017.08.31-16.32.50:951][  0]LogCook:Display: Max memory allowance for cook 16384mb min free memory 0mb
[2017.08.31-16.32.50:951][  0]LogCook:Display: Mobile HDR setting 1
[2017.08.31-16.32.51:173][  0]LogFileCache: Scanning file cache for directory 'F:/git/UE4_Person_v2/UE4_Person_v2/Content/' took 0.01s
[2017.08.31-16.32.51:494][  0]SourceControl: Info Source control is disabled
[2017.08.31-16.32.51:494][  0]Cmd: MAP LOAD FILE="F:/git/UE4_Person_v2/UE4_Person_v2/Content/Maps/SurvivalMap.umap" TEMPLATE=0 SHOWPROGRESS=1 FEATURELEVEL=3
[2017.08.31-16.32.51:494][  0]LightingResults: New page: Lighting Build
[2017.08.31-16.32.51:517][  0]MapCheck: New page: Map Check
[2017.08.31-16.32.51:517][  0]LightingResults: New page: Lighting Build
[2017.08.31-16.32.51:925][  0]LogLinker:Warning: Can't find file '/Game/Geometry/Meshes/CubeMaterial'
[2017.08.31-16.32.51:925][  0]LogLinker:Warning: Can't find file for asset '/Game/Geometry/Meshes/CubeMaterial' while loading F:/git/UE4_Person_v2/UE4_Person_v2/Content/Geometry/Meshes/1M_Cube_Chamfer.uasset.
[2017.08.31-16.32.51:925][  0]LoadErrors:Error: Error /Game/Geometry/Meshes/1M_Cube_Chamfer : Can't find file for asset. /Game/Geometry/Meshes/CubeMaterial
[2017.08.31-16.32.51:925][  0]LogLinker:Warning: Can't find file '/Game/Geometry/Meshes/CubeMaterial'
[2017.08.31-16.32.51:926][  0]LogLinker:Warning: Can't find file for asset '/Game/Geometry/Meshes/CubeMaterial' while loading F:/git/UE4_Person_v2/UE4_Person_v2/Content/Geometry/Meshes/1M_Cube_Chamfer.uasset.
[2017.08.31-16.32.51:926][  0]LoadErrors:Error: Error /Game/Geometry/Meshes/1M_Cube_Chamfer : Can't find file for asset. /Game/Geometry/Meshes/CubeMaterial
[2017.08.31-16.32.52:154][  0]LogLinker:Warning: Can't find file '/Game/Geometry/Meshes/CubeMaterial'
[2017.08.31-16.32.52:154][  0]LoadErrors: Info Failed to load /Game/Geometry/Meshes/CubeMaterial.CubeMaterial Referenced by 1M_Cube_Chamfer
[2017.08.31-16.32.52:154][  0]LogLinker:Warning: Can't find file for asset '/Game/Geometry/Meshes/CubeMaterial' while loading NULL.
[2017.08.31-16.32.52:154][  0]LoadErrors: Info Failed to load /Game/Geometry/Meshes/CubeMaterial.CubeMaterial Referenced by 1M_Cube_Chamfer
[2017.08.31-16.32.52:367][  0]LogAnimationCompression: Building Anim DDC data for AnimSequence /Game/Visual/Characters/Mannequin/FirstPerson/Animations/FirstPerson_JumpEnd.FirstPerson_JumpEnd
[2017.08.31-16.32.52:396][  0]LogAnimationCompression: Building Anim DDC data for AnimSequence /Game/Visual/Characters/Mannequin/FirstPerson/Animations/FirstPerson_Idle.FirstPerson_Idle
[2017.08.31-16.32.52:429][  0]LogAnimationCompression: Building Anim DDC data for AnimSequence /Game/Visual/Characters/Mannequin/FirstPerson/Animations/FirstPerson_JumpStart.FirstPerson_JumpStart
[2017.08.31-16.32.52:438][  0]LogAnimationCompression: Building Anim DDC data for AnimSequence /Game/Visual/Characters/Mannequin/FirstPerson/Animations/FirstPerson_Run.FirstPerson_Run
[2017.08.31-16.32.52:448][  0]LogAnimationCompression: Building Anim DDC data for AnimSequence /Game/Visual/Characters/Mannequin/FirstPerson/Animations/FirstPerson_JumpLoop.FirstPerson_JumpLoop
[2017.08.31-16.32.52:463][  0]LogAnimationCompression: Building Anim DDC data for AnimSequence /Game/Visual/Characters/Mannequin/Animations/ThirdPersonWalk.ThirdPersonWalk
[2017.08.31-16.32.52:490][  0]LogAnimationCompression: Building Anim DDC data for AnimSequence /Game/Visual/Characters/Mannequin/Animations/ThirdPersonRun.ThirdPersonRun
[2017.08.31-16.32.52:505][  0]LogAnimationCompression: Building Anim DDC data for AnimSequence /Game/Visual/Characters/Mannequin/Animations/ThirdPersonIdle.ThirdPersonIdle
[2017.08.31-16.32.52:572][  0]LogAnimationCompression: Building Anim DDC data for AnimSequence /Game/Visual/Characters/Mannequin/Animations/ThirdPersonJump_Start.ThirdPersonJump_Start
[2017.08.31-16.32.52:583][  0]LogAnimationCompression: Building Anim DDC data for AnimSequence /Game/Visual/Characters/Mannequin/Animations/ThirdPersonJump_Loop.ThirdPersonJump_Loop
[2017.08.31-16.32.52:600][  0]LogAnimationCompression: Building Anim DDC data for AnimSequence /Game/Visual/Characters/Mannequin/Animations/ThirdPerson_Jump.ThirdPerson_Jump
[2017.08.31-16.32.52:652][  0]LogAIModule: Creating AISystem for world SurvivalMap
[2017.08.31-16.32.52:662][  0]LogEditorServer: Finished looking for orphan Actors (0.000 secs)
[2017.08.31-16.32.52:687][  0]Cmd: MAP CHECKDEP NOCLEARLOG
[2017.08.31-16.32.52:714][  0]MapCheck: Info Map check complete: 0 Error(s), 0 Warning(s), took 26.869ms to complete.
[2017.08.31-16.32.52:714][  0]LogFileHelpers: Loading map 'SurvivalMap' took 1.220
[2017.08.31-16.32.52:837][  0]LogCollectionManager: Loaded 0 collections in 0.000654 seconds
[2017.08.31-16.32.52:900][  0]LogFileCache: Scanning file cache for directory 'F:/git/UE4_Person_v2/UE4_Person_v2/Saved/Collections/' took 0.01s
[2017.08.31-16.32.52:900][  0]LogFileCache: Scanning file cache for directory 'F:/git/UE4_Person_v2/UE4_Person_v2/Content/Developers/User/Collections/' took 0.01s
[2017.08.31-16.32.52:900][  0]LogFileCache: Scanning file cache for directory 'F:/git/UE4_Person_v2/UE4_Person_v2/Content/Collections/' took 0.01s
[2017.08.31-16.32.52:900][  0]LogCollectionManager: Rebuilt the GUID cache for 0 collections in 0.000001 seconds
[2017.08.31-16.32.52:907][  0]LogContentBrowser: Native class hierarchy populated in 0.0076 seconds. Added 2334 classes and 495 folders.
[2017.08.31-16.32.52:945][  0]LogContentBrowser: Native class hierarchy updated for 'WidgetCarousel' in 0.0006 seconds. Added 0 classes and 0 folders.
[2017.08.31-16.32.52:969][  0]LogContentBrowser: Native class hierarchy updated for 'AddContentDialog' in 0.0004 seconds. Added 0 classes and 0 folders.
[2017.08.31-16.32.52:995][  0]LogContentBrowser: Native class hierarchy updated for 'SceneOutliner' in 0.0004 seconds. Added 1 classes and 2 folders.
[2017.08.31-16.32.53:021][  0]LogCrashTracker: Crashtracker disabled due to settings.
[2017.08.31-16.32.53:026][  0]LogSlate: Took 0.000137 seconds to synchronously load lazily loaded font '../../../Engine/Content/Slate/Fonts/Roboto-Regular.ttf' (155K)
[2017.08.31-16.32.53:029][  0]LogSlate: Took 0.000122 seconds to synchronously load lazily loaded font '../../../Engine/Content/Slate/Fonts/Roboto-Bold.ttf' (160K)
[2017.08.31-16.32.53:031][  0]LogSlate: Took 0.000093 seconds to synchronously load lazily loaded font '../../../Engine/Content/Editor/Slate/Fonts/FontAwesome.ttf' (139K)
[2017.08.31-16.32.53:099][  0]LogRenderer: Reallocating scene render targets to support 1244x936 NumSamples 1 (Frame:1).
[2017.08.31-16.32.53:203][  0]LogUObjectGlobals:Warning: Failed to find object 'Class None.'
[2017.08.31-16.32.53:249][  0]LogContentBrowser: Native class hierarchy updated for 'HierarchicalLODOutliner' in 0.0005 seconds. Added 1 classes and 2 folders.
[2017.08.31-16.32.53:250][  0]LogLoad: (Engine Initialization) Total time: 12.63 seconds
[2017.08.31-16.32.53:250][  0]LogLoad: (Engine Initialization) Total Blueprint compile time: 0.29 seconds
[2017.08.31-16.32.53:250][  0]LogExternalProfiler: No external profilers were discovered.  External profiling features will not be available.
[2017.08.31-16.32.53:262][  0]LogOcInput: OculusInput pre-init called
[2017.08.31-16.32.53:262][  0]LogHMD: Starting GearVRController plugin
[2017.08.31-16.32.53:279][  0]LogAssetRegistry: Asset discovery search completed in 6.9870 seconds
[2017.08.31-16.32.53:281][  0]LogCollectionManager: Rebuilt the object cache for 0 collections in 0.000000 seconds (found 0 objects)
[2017.08.31-16.32.53:281][  0]LogCollectionManager: Fixed up redirectors for 0 collections in 0.000027 seconds (updated 0 objects)
[2017.08.31-16.32.53:282][  0]LogContentStreaming: Texture pool size now 3000 MB
[2017.08.31-16.32.54:266][111]LogSlate: Took 0.000171 seconds to synchronously load lazily loaded font '../../../Engine/Content/Slate/Fonts/Roboto-Light.ttf' (159K)
[2017.08.31-16.32.58:770][453]LogSlate: Took 0.000157 seconds to synchronously load lazily loaded font '../../../Engine/Content/Slate/Fonts/Roboto-Light.ttf' (159K)
[2017.08.31-16.33.29:478][ 31]LogContentBrowser:Verbose: The majority of assets in the view are of type: Skeleton
[2017.08.31-16.33.42:968][358]LogSlate: Took 0.000106 seconds to synchronously load lazily loaded font '../../../Engine/Content/Slate/Fonts/Roboto-Light.ttf' (159K)
[2017.08.31-16.33.42:999][358]LogContentBrowser: Native class hierarchy updated for 'SkeletonEditor' in 0.0005 seconds. Added 1 classes and 2 folders.
[2017.08.31-16.33.43:120][358]LogActorComponent: RegisterComponentWithWorld: (/Engine/Transient.World_4:PersistentLevel.Actor_0.DebugSkelMeshComponent_0) Already registered. Aborting.
[2017.08.31-16.33.43:137][358]LogSkeletalMesh: USkeletalMeshComponent::InitArticulated : Bodies already created (/Engine/Transient.World_4:PersistentLevel.Actor_0.DebugSkelMeshComponent_0) - call TermArticulated first.
[2017.08.31-16.33.43:340][358]LogContentBrowser: Native class hierarchy updated for 'ClothingSystemEditorInterface' in 0.0004 seconds. Added 1 classes and 0 folders.
[2017.08.31-16.34.21:175][378]LogActorComponent: RegisterComponentWithWorld: (/Engine/Transient.World_5:PersistentLevel.Actor_1.DebugSkelMeshComponent_1) Already registered. Aborting.
[2017.08.31-16.34.21:191][378]LogSkeletalMesh: USkeletalMeshComponent::InitArticulated : Bodies already created (/Engine/Transient.World_5:PersistentLevel.Actor_1.DebugSkelMeshComponent_1) - call TermArticulated first.
[2017.08.31-16.34.21:340][378]LogSlate: Took 0.000222 seconds to synchronously load lazily loaded font '../../../Engine/Content/Editor/Slate/Fonts/Roboto-Italic.ttf' (157K)
[2017.08.31-16.34.22:894][550]LogSavePackage: Save=44.24ms
[2017.08.31-16.34.22:894][550]LogSavePackage: Moving 'F:/git/UE4_Person_v2/UE4_Person_v2/Saved/SK_Mannequin7D95ED614DDE334AEF66BE8EF24B3715.tmp' to 'F:/git/UE4_Person_v2/UE4_Person_v2/Content/Visual/Characters/Mannequin/Character/Mesh/SK_Mannequin.uasset'
[2017.08.31-16.34.22:896][550]LogSavePackage:Display: Finished SavePackage F:/git/UE4_Person_v2/UE4_Person_v2/Content/Visual/Characters/Mannequin/Character/Mesh/SK_Mannequin.uasset
[2017.08.31-16.34.24:239][677]LogActorComponent: RegisterComponentWithWorld: (/Engine/Transient.World_7:PersistentLevel.Actor_2.DebugSkelMeshComponent_2) Already registered. Aborting.
[2017.08.31-16.34.24:296][677]LogSkeletalMesh: USkeletalMeshComponent::InitArticulated : Bodies already created (/Engine/Transient.World_7:PersistentLevel.Actor_2.DebugSkelMeshComponent_2) - call TermArticulated first.
[2017.08.31-16.34.24:716][677]LogContentBrowser:Verbose: The majority of assets in the view are of type: AnimSequence
[2017.08.31-16.34.31:724][426]LogSavePackage: Save=11.05ms
[2017.08.31-16.34.31:724][426]LogSavePackage: Moving 'F:/git/UE4_Person_v2/UE4_Person_v2/Saved/UE4_Mannequin_SkeletonB607858541317A6BA883B08C4AA00A12.tmp' to 'F:/git/UE4_Person_v2/UE4_Person_v2/Content/Visual/Characters/Mannequin/Character/Mesh/UE4_Mannequin_Skeleton.uasset'
[2017.08.31-16.34.31:724][426]LogSavePackage:Display: Finished SavePackage F:/git/UE4_Person_v2/UE4_Person_v2/Content/Visual/Characters/Mannequin/Character/Mesh/UE4_Mannequin_Skeleton.uasset
[2017.08.31-16.34.38:733][258]LogContentBrowser:Verbose: The majority of assets in the view are of type: Skeleton
[2017.08.31-16.35.12:950][  9]LogActorComponent: RegisterComponentWithWorld: (/Engine/Transient.World_10:PersistentLevel.Actor_3.DebugSkelMeshComponent_5) Already registered. Aborting.
[2017.08.31-16.35.12:964][  9]LogSkeletalMesh: USkeletalMeshComponent::InitArticulated : Bodies already created (/Engine/Transient.World_10:PersistentLevel.Actor_3.DebugSkelMeshComponent_5) - call TermArticulated first.
[2017.08.31-16.35.21:033][911]LogMaterial: Missing cached shader map for material Material_0, compiling. 
[2017.08.31-16.35.21:102][912]LogMaterial: Missing cached shader map for material Material_1, compiling. 
[2017.08.31-16.35.21:152][913]LogMaterial: Missing cached shader map for material Material_2, compiling. 
[2017.08.31-16.35.21:212][915]LogMaterial: Missing cached shader map for material Material_3, compiling. 
[2017.08.31-16.35.22:686][ 59]LogMaterial: Missing cached shader map for material Material_4, compiling. 
[2017.08.31-16.35.22:772][ 61]LogMaterial: Missing cached shader map for material Material_5, compiling. 
[2017.08.31-16.35.23:177][ 98]LogMaterial: Missing cached shader map for material Material_6, compiling. 
[2017.08.31-16.35.23:630][142]LogMaterial: Missing cached shader map for material Material_7, compiling. 
[2017.08.31-16.36.07:023][747]LogSavePackage: Save=1.58ms
[2017.08.31-16.36.07:023][747]LogSavePackage: Moving 'F:/git/UE4_Person_v2/UE4_Person_v2/Saved/UE4_Mannequin_SkeletonE176951746D9FF8C33484C86B04F2EA3.tmp' to 'F:/git/UE4_Person_v2/UE4_Person_v2/Content/Visual/Characters/Mannequin/Character/Mesh/UE4_Mannequin_Skeleton.uasset'
[2017.08.31-16.36.07:024][747]LogSavePackage:Display: Finished SavePackage F:/git/UE4_Person_v2/UE4_Person_v2/Content/Visual/Characters/Mannequin/Character/Mesh/UE4_Mannequin_Skeleton.uasset
[2017.08.31-16.36.09:278][  7]Cmd: OBJ SAVEPACKAGE PACKAGE="/Game/Maps/SurvivalMap" FILE="F:/git/UE4_Person_v2/UE4_Person_v2/Content/Maps/SurvivalMap.umap" SILENT=true AUTOSAVING=false KEEPDIRTY=false
[2017.08.31-16.36.09:780][  7]LogSavePackage: Save=460.53ms
[2017.08.31-16.36.09:780][  7]LogSavePackage: Moving 'F:/git/UE4_Person_v2/UE4_Person_v2/Saved/SurvivalMap3D3211E44606D08626FA4388EE137CBE.tmp' to 'F:/git/UE4_Person_v2/UE4_Person_v2/Content/Maps/SurvivalMap.umap'
[2017.08.31-16.36.09:782][  7]LogSavePackage:Display: Finished SavePackage F:/git/UE4_Person_v2/UE4_Person_v2/Content/Maps/SurvivalMap.umap
[2017.08.31-16.36.17:819][609]LogActorComponent: RegisterComponentWithWorld: (/Engine/Transient.World_18:PersistentLevel.Actor_4.DebugSkelMeshComponent_6) Already registered. Aborting.
[2017.08.31-16.36.17:840][609]LogSkeletalMesh: USkeletalMeshComponent::InitArticulated : Bodies already created (/Engine/Transient.World_18:PersistentLevel.Actor_4.DebugSkelMeshComponent_6) - call TermArticulated first.
[2017.08.31-16.37.01:826][684]LogRenderer: Reallocating scene render targets to support 1248x936 NumSamples 1 (Frame:9271).
[2017.08.31-16.37.14:679][959]LogContentBrowser:Verbose: The majority of assets in the view are of type: Skeleton
[2017.08.31-16.37.21:736][414]LogContentBrowser:Verbose: The majority of assets in the view are of type: Skeleton
[2017.08.31-16.38.49:583][ 89]LogSavePackage: Save=25.49ms
[2017.08.31-16.38.49:583][ 89]LogSavePackage: Moving 'F:/git/UE4_Person_v2/UE4_Person_v2/Saved/SK_Mannequin_Arms97ABF25F4EFE72B6EF7B1BB051467716.tmp' to 'F:/git/UE4_Person_v2/UE4_Person_v2/Content/Visual/Characters/Mannequin/FirstPerson/Character/Mesh/SK_Mannequin_Arms.uasset'
[2017.08.31-16.38.49:584][ 89]LogSavePackage:Display: Finished SavePackage F:/git/UE4_Person_v2/UE4_Person_v2/Content/Visual/Characters/Mannequin/FirstPerson/Character/Mesh/SK_Mannequin_Arms.uasset
[2017.08.31-16.39.08:874][215]LogSavePackage: Save=0.93ms
[2017.08.31-16.39.08:874][215]LogSavePackage: Moving 'F:/git/UE4_Person_v2/UE4_Person_v2/Saved/UE4_Mannequin_Skeleton67FC16E44857F361DFFD728416EB2A27.tmp' to 'F:/git/UE4_Person_v2/UE4_Person_v2/Content/Visual/Characters/Mannequin/Character/Mesh/UE4_Mannequin_Skeleton.uasset'
[2017.08.31-16.39.08:874][215]LogSavePackage:Display: Finished SavePackage F:/git/UE4_Person_v2/UE4_Person_v2/Content/Visual/Characters/Mannequin/Character/Mesh/UE4_Mannequin_Skeleton.uasset
[2017.08.31-16.39.14:311][858]LogContentBrowser:Verbose: The majority of assets in the view are of type: Skeleton
[2017.08.31-16.39.44:087][118]LogSavePackage: Save=0.86ms
[2017.08.31-16.39.44:087][118]LogSavePackage: Moving 'F:/git/UE4_Person_v2/UE4_Person_v2/Saved/UE4_Mannequin_SkeletonEC79CA9E4468A4D8C4B5B1B82953A077.tmp' to 'F:/git/UE4_Person_v2/UE4_Person_v2/Content/Visual/Characters/Mannequin/Character/Mesh/UE4_Mannequin_Skeleton.uasset'
[2017.08.31-16.39.44:087][118]LogSavePackage:Display: Finished SavePackage F:/git/UE4_Person_v2/UE4_Person_v2/Content/Visual/Characters/Mannequin/Character/Mesh/UE4_Mannequin_Skeleton.uasset
[2017.08.31-16.39.46:123][356]LogSavePackage: Save=34.99ms
[2017.08.31-16.39.46:123][356]LogSavePackage: Moving 'F:/git/UE4_Person_v2/UE4_Person_v2/Saved/SK_Mannequin0C2E73184129056C1886D1AADA93AEE6.tmp' to 'F:/git/UE4_Person_v2/UE4_Person_v2/Content/Visual/Characters/Mannequin/Character/Mesh/SK_Mannequin.uasset'
[2017.08.31-16.39.46:124][356]LogSavePackage:Display: Finished SavePackage F:/git/UE4_Person_v2/UE4_Person_v2/Content/Visual/Characters/Mannequin/Character/Mesh/SK_Mannequin.uasset
[2017.08.31-16.39.48:264][609]LogSavePackage: Save=18.34ms
[2017.08.31-16.39.48:264][609]LogSavePackage: Moving 'F:/git/UE4_Person_v2/UE4_Person_v2/Saved/SK_Mannequin_Arms412B569F4F503EE5BC42C5852E0635FF.tmp' to 'F:/git/UE4_Person_v2/UE4_Person_v2/Content/Visual/Characters/Mannequin/FirstPerson/Character/Mesh/SK_Mannequin_Arms.uasset'
[2017.08.31-16.39.48:265][609]LogSavePackage:Display: Finished SavePackage F:/git/UE4_Person_v2/UE4_Person_v2/Content/Visual/Characters/Mannequin/FirstPerson/Character/Mesh/SK_Mannequin_Arms.uasset
[2017.08.31-16.39.50:369][860]Cmd: OBJ SAVEPACKAGE PACKAGE="/Game/Mannequin/Character/Mesh/UE4_Mannequin_Skeleton" FILE="F:/git/UE4_Person_v2/UE4_Person_v2/Content/Mannequin/Character/Mesh/UE4_Mannequin_Skeleton.uasset" SILENT=true
[2017.08.31-16.39.50:373][860]LogSavePackage: Save=1.08ms
[2017.08.31-16.39.50:373][860]LogSavePackage: Moving 'F:/git/UE4_Person_v2/UE4_Person_v2/Saved/UE4_Mannequin_Skeleton9378962140215F0AF07AA9A13B078266.tmp' to 'F:/git/UE4_Person_v2/UE4_Person_v2/Content/Mannequin/Character/Mesh/UE4_Mannequin_Skeleton.uasset'
[2017.08.31-16.39.50:373][860]LogSavePackage:Display: Finished SavePackage F:/git/UE4_Person_v2/UE4_Person_v2/Content/Mannequin/Character/Mesh/UE4_Mannequin_Skeleton.uasset
[2017.08.31-16.40.00:407][ 27]LogContentBrowser:Verbose: The majority of assets in the view are of type: Skeleton
[2017.08.31-16.40.24:581][ 71]LogContentBrowser:Verbose: The majority of assets in the view are of type: Skeleton
[2017.08.31-16.40.28:499][281]LogActorComponent: RegisterComponentWithWorld: (/Engine/Transient.World_19:PersistentLevel.Actor_5.DebugSkelMeshComponent_7) Already registered. Aborting.
[2017.08.31-16.40.28:516][281]LogSkeletalMesh: USkeletalMeshComponent::InitArticulated : Bodies already created (/Engine/Transient.World_19:PersistentLevel.Actor_5.DebugSkelMeshComponent_7) - call TermArticulated first.
[2017.08.31-16.40.30:308][461]LogActorComponent: RegisterComponentWithWorld: (/Engine/Transient.World_20:PersistentLevel.Actor_6.DebugSkelMeshComponent_8) Already registered. Aborting.
[2017.08.31-16.40.30:323][461]LogSkeletalMesh: USkeletalMeshComponent::InitArticulated : Bodies already created (/Engine/Transient.World_20:PersistentLevel.Actor_6.DebugSkelMeshComponent_8) - call TermArticulated first.
[2017.08.31-16.40.36:260][118]LogActorComponent: RegisterComponentWithWorld: (/Engine/Transient.World_21:PersistentLevel.Actor_7.DebugSkelMeshComponent_9) Already registered. Aborting.
[2017.08.31-16.40.36:274][118]LogSkeletalMesh: USkeletalMeshComponent::InitArticulated : Bodies already created (/Engine/Transient.World_21:PersistentLevel.Actor_7.DebugSkelMeshComponent_9) - call TermArticulated first.
[2017.08.31-16.40.37:856][273]LogActorComponent: RegisterComponentWithWorld: (/Engine/Transient.World_22:PersistentLevel.Actor_8.DebugSkelMeshComponent_10) Already registered. Aborting.
[2017.08.31-16.40.37:870][273]LogSkeletalMesh: USkeletalMeshComponent::InitArticulated : Bodies already created (/Engine/Transient.World_22:PersistentLevel.Actor_8.DebugSkelMeshComponent_10) - call TermArticulated first.
[2017.08.31-16.41.02:171][118]LogSavePackage: Save=1.07ms
[2017.08.31-16.41.02:171][118]LogSavePackage: Moving 'F:/git/UE4_Person_v2/UE4_Person_v2/Saved/UE4_Mannequin_Skeleton5E72FB3E4F4DFBA2A8082E8F8708DBB9.tmp' to 'F:/git/UE4_Person_v2/UE4_Person_v2/Content/Visual/Characters/Mannequin/Character/Mesh/UE4_Mannequin_Skeleton.uasset'
[2017.08.31-16.41.02:172][118]LogSavePackage:Display: Finished SavePackage F:/git/UE4_Person_v2/UE4_Person_v2/Content/Visual/Characters/Mannequin/Character/Mesh/UE4_Mannequin_Skeleton.uasset
[2017.08.31-16.41.44:017][595]LogMaterial: Missing cached shader map for material Material_8, compiling. 
[2017.08.31-16.41.44:183][596]LogMaterial: Missing cached shader map for material Material_9, compiling. 
[2017.08.31-16.42.01:481][563]LogActorComponent: RegisterComponentWithWorld: (/Engine/Transient.World_23:PersistentLevel.Actor_9.DebugSkelMeshComponent_11) Already registered. Aborting.
[2017.08.31-16.42.01:494][563]LogSkeletalMesh: USkeletalMeshComponent::InitArticulated : Bodies already created (/Engine/Transient.World_23:PersistentLevel.Actor_9.DebugSkelMeshComponent_11) - call TermArticulated first.
[2017.08.31-16.42.13:675][920]LogActorComponent: RegisterComponentWithWorld: (/Engine/Transient.World_24:PersistentLevel.Actor_10.DebugSkelMeshComponent_12) Already registered. Aborting.
[2017.08.31-16.42.13:692][920]LogSkeletalMesh: USkeletalMeshComponent::InitArticulated : Bodies already created (/Engine/Transient.World_24:PersistentLevel.Actor_10.DebugSkelMeshComponent_12) - call TermArticulated first.
[2017.08.31-16.42.15:220][ 61]LogSavePackage: Save=24.80ms
[2017.08.31-16.42.15:220][ 61]LogSavePackage: Moving 'F:/git/UE4_Person_v2/UE4_Person_v2/Saved/SK_Mannequin_ArmsAB16C82D408C256753C2C3A2526D8F40.tmp' to 'F:/git/UE4_Person_v2/UE4_Person_v2/Content/Visual/Characters/Mannequin/FirstPerson/Character/Mesh/SK_Mannequin_Arms.uasset'
[2017.08.31-16.42.15:221][ 61]LogSavePackage:Display: Finished SavePackage F:/git/UE4_Person_v2/UE4_Person_v2/Content/Visual/Characters/Mannequin/FirstPerson/Character/Mesh/SK_Mannequin_Arms.uasset
[2017.08.31-16.42.22:481][915]LogContentBrowser:Verbose: The majority of assets in the view are of type: Skeleton
[2017.08.31-16.42.32:255][787]LogActorComponent: RegisterComponentWithWorld: (/Engine/Transient.World_25:PersistentLevel.Actor_11.DebugSkelMeshComponent_13) Already registered. Aborting.
[2017.08.31-16.42.32:271][787]LogSkeletalMesh: USkeletalMeshComponent::InitArticulated : Bodies already created (/Engine/Transient.World_25:PersistentLevel.Actor_11.DebugSkelMeshComponent_13) - call TermArticulated first.
[2017.08.31-16.42.33:525][907]LogSavePackage: Save=18.29ms
[2017.08.31-16.42.33:525][907]LogSavePackage: Moving 'F:/git/UE4_Person_v2/UE4_Person_v2/Saved/SK_Mannequin_ArmsE7E71D164B3253E599E931BD4717214A.tmp' to 'F:/git/UE4_Person_v2/UE4_Person_v2/Content/Visual/Characters/Mannequin/FirstPerson/Character/Mesh/SK_Mannequin_Arms.uasset'
[2017.08.31-16.42.33:526][907]LogSavePackage:Display: Finished SavePackage F:/git/UE4_Person_v2/UE4_Person_v2/Content/Visual/Characters/Mannequin/FirstPerson/Character/Mesh/SK_Mannequin_Arms.uasset
[2017.08.31-16.42.37:038][321]LogContentBrowser:Verbose: The majority of assets in the view are of type: Skeleton
[2017.08.31-16.42.48:892][481]LogActorComponent: RegisterComponentWithWorld: (/Engine/Transient.World_26:PersistentLevel.Actor_12.DebugSkelMeshComponent_14) Already registered. Aborting.
[2017.08.31-16.42.48:906][481]LogSkeletalMesh: USkeletalMeshComponent::InitArticulated : Bodies already created (/Engine/Transient.World_26:PersistentLevel.Actor_12.DebugSkelMeshComponent_14) - call TermArticulated first.
[2017.08.31-16.42.50:314][621]LogSavePackage: Save=1.00ms
[2017.08.31-16.42.50:314][621]LogSavePackage: Moving 'F:/git/UE4_Person_v2/UE4_Person_v2/Saved/UE4_Mannequin_Skeleton3EBCE68C43465554BD1878A81A1AD831.tmp' to 'F:/git/UE4_Person_v2/UE4_Person_v2/Content/Visual/Characters/Mannequin/Character/Mesh/UE4_Mannequin_Skeleton.uasset'
[2017.08.31-16.42.50:315][621]LogSavePackage:Display: Finished SavePackage F:/git/UE4_Person_v2/UE4_Person_v2/Content/Visual/Characters/Mannequin/Character/Mesh/UE4_Mannequin_Skeleton.uasset
[2017.08.31-16.43.15:683][240]LogContentBrowser:Verbose: The majority of assets in the view are of type: Skeleton
[2017.08.31-16.43.42:322][125]LogContentBrowser:Verbose: The majority of assets in the view are of type: Skeleton
[2017.08.31-16.43.48:725][583]LogActorComponent: RegisterComponentWithWorld: (/Engine/Transient.World_27:PersistentLevel.Actor_13.DebugSkelMeshComponent_15) Already registered. Aborting.
[2017.08.31-16.43.48:742][583]LogSkeletalMesh: USkeletalMeshComponent::InitArticulated : Bodies already created (/Engine/Transient.World_27:PersistentLevel.Actor_13.DebugSkelMeshComponent_15) - call TermArticulated first.
[2017.08.31-16.43.50:271][717]LogActorComponent: RegisterComponentWithWorld: (/Engine/Transient.World_28:PersistentLevel.Actor_14.DebugSkelMeshComponent_16) Already registered. Aborting.
[2017.08.31-16.43.50:287][717]LogSkeletalMesh: USkeletalMeshComponent::InitArticulated : Bodies already created (/Engine/Transient.World_28:PersistentLevel.Actor_14.DebugSkelMeshComponent_16) - call TermArticulated first.
[2017.08.31-16.43.58:910][717]LogActorComponent: RegisterComponentWithWorld: (/Engine/Transient.World_29:PersistentLevel.Actor_15.DebugSkelMeshComponent_17) Already registered. Aborting.
[2017.08.31-16.43.58:928][717]LogSkeletalMesh: USkeletalMeshComponent::InitArticulated : Bodies already created (/Engine/Transient.World_29:PersistentLevel.Actor_15.DebugSkelMeshComponent_17) - call TermArticulated first.
[2017.08.31-16.44.05:214][376]Cmd: OBJ SAVEPACKAGE PACKAGE="/Game/Maps/SurvivalMap" FILE="F:/git/UE4_Person_v2/UE4_Person_v2/Content/Maps/SurvivalMap.umap" SILENT=true AUTOSAVING=false KEEPDIRTY=false
[2017.08.31-16.44.05:630][376]LogSavePackage: Save=390.89ms
[2017.08.31-16.44.05:630][376]LogSavePackage: Moving 'F:/git/UE4_Person_v2/UE4_Person_v2/Saved/SurvivalMapC4C8C5E644B65E9720CFD483846DB341.tmp' to 'F:/git/UE4_Person_v2/UE4_Person_v2/Content/Maps/SurvivalMap.umap'
[2017.08.31-16.44.05:631][376]LogSavePackage:Display: Finished SavePackage F:/git/UE4_Person_v2/UE4_Person_v2/Content/Maps/SurvivalMap.umap
[2017.08.31-16.45.23:900][100]LogActorComponent: RegisterComponentWithWorld: (/Engine/Transient.World_31:PersistentLevel.Actor_16.DebugSkelMeshComponent_18) Already registered. Aborting.
[2017.08.31-16.45.24:215][100]LogContentBrowser: Native class hierarchy updated for 'BlueprintGraph' in 0.0007 seconds. Added 112 classes and 0 folders.
[2017.08.31-16.45.24:739][100]LogSkeletalMesh: USkeletalMeshComponent::InitArticulated : Bodies already created (/Engine/Transient.World_31:PersistentLevel.Actor_16.DebugSkelMeshComponent_18) - call TermArticulated first.
[2017.08.31-16.45.24:942][100]LogSlate: Took 0.000213 seconds to synchronously load lazily loaded font '../../../Engine/Content/Editor/Slate/Fonts/Roboto-BoldCondensed.ttf' (158K)
[2017.08.31-16.45.25:031][100]LogContentBrowser:Verbose: The majority of assets in the view are of type: AnimSequence
[2017.08.31-16.46.06:531][966]LogRenderer: Reallocating scene render targets to support 1440x936 NumSamples 1 (Frame:1).
[2017.08.31-16.49.34:970][134]BlueprintLog: New page: Compile SurvivalCharacter
[2017.08.31-16.49.36:245][196]Cmd: OBJ SAVEPACKAGE PACKAGE="/Game/Blueprints/Characters/SurvivalCharacter" FILE="F:/git/UE4_Person_v2/UE4_Person_v2/Content/Blueprints/Characters/SurvivalCharacter.uasset" SILENT=true
[2017.08.31-16.49.36:437][196]LogSavePackage: Save=189.17ms
[2017.08.31-16.49.36:437][196]LogSavePackage: Moving 'F:/git/UE4_Person_v2/UE4_Person_v2/Saved/SurvivalCharacter2DDFC37A424DC6FDC4C9159ED2C4ADDF.tmp' to 'F:/git/UE4_Person_v2/UE4_Person_v2/Content/Blueprints/Characters/SurvivalCharacter.uasset'
[2017.08.31-16.49.36:437][196]LogSavePackage:Display: Finished SavePackage F:/git/UE4_Person_v2/UE4_Person_v2/Content/Blueprints/Characters/SurvivalCharacter.uasset
[2017.08.31-16.49.49:859][203]LogActorComponent: RegisterComponentWithWorld: (/Engine/Transient.World_36:PersistentLevel.Actor_17.DebugSkelMeshComponent_20) Already registered. Aborting.
[2017.08.31-16.49.49:875][203]LogSkeletalMesh: USkeletalMeshComponent::InitArticulated : Bodies already created (/Engine/Transient.World_36:PersistentLevel.Actor_17.DebugSkelMeshComponent_20) - call TermArticulated first.
[2017.08.31-16.49.56:482][966]LogActorComponent: RegisterComponentWithWorld: (/Engine/Transient.World_37:PersistentLevel.Actor_18.DebugSkelMeshComponent_21) Already registered. Aborting.
[2017.08.31-16.49.56:498][966]LogSkeletalMesh: USkeletalMeshComponent::InitArticulated : Bodies already created (/Engine/Transient.World_37:PersistentLevel.Actor_18.DebugSkelMeshComponent_21) - call TermArticulated first.
[2017.08.31-16.54.07:789][565]LogSavePackage: Save=0.99ms
[2017.08.31-16.54.07:789][565]LogSavePackage: Moving 'F:/git/UE4_Person_v2/UE4_Person_v2/Saved/UE4_Mannequin_SkeletonCECA8BD94033D33E86127293EC4E0C46.tmp' to 'F:/git/UE4_Person_v2/UE4_Person_v2/Content/Visual/Characters/Mannequin/Character/Mesh/UE4_Mannequin_Skeleton.uasset'
[2017.08.31-16.54.07:790][565]LogSavePackage:Display: Finished SavePackage F:/git/UE4_Person_v2/UE4_Person_v2/Content/Visual/Characters/Mannequin/Character/Mesh/UE4_Mannequin_Skeleton.uasset
[2017.08.31-16.54.29:651][730]Cmd: TRANSACTION UNDO
[2017.08.31-16.54.29:651][730]LogEditorTransaction: Undo Rotate Socket
[2017.08.31-16.54.29:801][730]LogActorComponent: RegisterComponentWithWorld: (/Engine/Transient.World_36:PersistentLevel.Actor_17.DebugSkelMeshComponent_20) Already registered. Aborting.
[2017.08.31-16.54.29:802][730]LogActorComponent: RegisterComponentWithWorld: (/Engine/Transient.World_37:PersistentLevel.Actor_18.DebugSkelMeshComponent_21) Already registered. Aborting.
[2017.08.31-16.55.44:559][134]LogSavePackage: Save=0.98ms
[2017.08.31-16.55.44:559][134]LogSavePackage: Moving 'F:/git/UE4_Person_v2/UE4_Person_v2/Saved/UE4_Mannequin_Skeleton1A72539D4225525B3D1E9FA30C98E3D5.tmp' to 'F:/git/UE4_Person_v2/UE4_Person_v2/Content/Visual/Characters/Mannequin/Character/Mesh/UE4_Mannequin_Skeleton.uasset'
[2017.08.31-16.55.44:560][134]LogSavePackage:Display: Finished SavePackage F:/git/UE4_Person_v2/UE4_Person_v2/Content/Visual/Characters/Mannequin/Character/Mesh/UE4_Mannequin_Skeleton.uasset
[2017.08.31-16.56.39:628][281]LogSavePackage: Save=1.05ms
[2017.08.31-16.56.39:628][281]LogSavePackage: Moving 'F:/git/UE4_Person_v2/UE4_Person_v2/Saved/UE4_Mannequin_SkeletonB0904A7E47FC6C4E320A5783EC65217E.tmp' to 'F:/git/UE4_Person_v2/UE4_Person_v2/Content/Visual/Characters/Mannequin/Character/Mesh/UE4_Mannequin_Skeleton.uasset'
[2017.08.31-16.56.39:628][281]LogSavePackage:Display: Finished SavePackage F:/git/UE4_Person_v2/UE4_Person_v2/Content/Visual/Characters/Mannequin/Character/Mesh/UE4_Mannequin_Skeleton.uasset
[2017.08.31-16.57.00:037][364]LogActorComponent: RegisterComponentWithWorld: (/Engine/Transient.World_38:PersistentLevel.Actor_19.DebugSkelMeshComponent_22) Already registered. Aborting.
[2017.08.31-16.58.15:767][131]LogFileHelpers: Editor autosave (incl. sublevels) for '/Game/Maps/SurvivalMap' took 0.027
[2017.08.31-16.58.15:769][131]OBJ SavePackage: Generating thumbnails for [1] asset(s) in package [/Game/Visual/Characters/Mannequin/Animations/ThirdPerson_AnimBP] ([1] browsable assets)...
[2017.08.31-16.58.15:780][131]OBJ SavePackage:     Rendered thumbnail for [AnimBlueprint /Game/Visual/Characters/Mannequin/Animations/ThirdPerson_AnimBP.ThirdPerson_AnimBP]
[2017.08.31-16.58.15:780][131]OBJ SavePackage: Finished generating thumbnails for package [/Game/Visual/Characters/Mannequin/Animations/ThirdPerson_AnimBP]
[2017.08.31-16.58.15:855][131]LogSavePackage: Save=71.90ms
[2017.08.31-16.58.15:855][131]LogSavePackage: Moving 'F:/git/UE4_Person_v2/UE4_Person_v2/Saved/ThirdPerson_AnimBP_Auto158EC823F4B6E56EC89F7398D01FA22CB.tmp' to 'F:/git/UE4_Person_v2/UE4_Person_v2/Saved/Autosaves/Game/Visual/Characters/Mannequin/Animations/ThirdPerson_AnimBP_Auto1.uasset'
[2017.08.31-16.58.15:855][131]LogSavePackage:Display: Finished SavePackage F:/git/UE4_Person_v2/UE4_Person_v2/Saved/Autosaves/Game/Visual/Characters/Mannequin/Animations/ThirdPerson_AnimBP_Auto1.uasset
[2017.08.31-16.58.15:855][131]LogFileHelpers: Auto-saving content packages took 0.087
[2017.08.31-16.59.13:208][619]LogSavePackage: Save=65.92ms
[2017.08.31-16.59.13:208][619]LogSavePackage: Moving 'F:/git/UE4_Person_v2/UE4_Person_v2/Saved/ThirdPerson_AnimBP2752F73A492B6D54AA7629A22BAE33FA.tmp' to 'F:/git/UE4_Person_v2/UE4_Person_v2/Content/Visual/Characters/Mannequin/Animations/ThirdPerson_AnimBP.uasset'
[2017.08.31-16.59.13:209][619]LogSavePackage:Display: Finished SavePackage F:/git/UE4_Person_v2/UE4_Person_v2/Content/Visual/Characters/Mannequin/Animations/ThirdPerson_AnimBP.uasset
[2017.08.31-16.59.13:537][620]Cmd: QUIT_EDITOR
[2017.08.31-16.59.13:546][620]LogWindowsTextInputMethodSystem:Display: IME system now deactivated.
[2017.08.31-16.59.13:554][620]LogExit: Preparing to exit.
[2017.08.31-16.59.14:553][620]LogExit: Editor shut down
[2017.08.31-16.59.14:557][620]LogExit: Transaction tracking system shut down
[2017.08.31-16.59.14:645][620]LogObj: Freed 0b from 0 cluster array pools.
[2017.08.31-16.59.14:645][620]LogExit: Object subsystem successfully closed.
[2017.08.31-16.59.14:661][620]LogD3D11RHI: Shutdown
[2017.08.31-16.59.14:661][620]LogD3D11RHI: CleanupD3DDevice
