Log file open, 09/02/17 09:02:16
LogInit:Display: Running engine for game: UE4_Person_v2
LogPlatformFile: Not using cached read wrapper
LogInit:Display: RandInit(-748740410) SRandInit(-748740409).
LogTaskGraph: Started task graph with 5 named threads and 6 total threads with 1 sets of task threads.
LogStats: Stats thread started at 0.058317
LogInit: Using libcurl 7.47.1
LogInit:  - built for x86_64-pc-win32
LogInit:  - supports SSL with OpenSSL/1.0.2g
LogInit:  - supports HTTP deflate (compression) using libz 1.2.8
LogInit:  - other features:
LogInit:      CURL_VERSION_SSL
LogInit:      CURL_VERSION_LIBZ
LogInit:      CURL_VERSION_IPV6
LogInit:      CURL_VERSION_ASYNCHDNS
LogInit:      CURL_VERSION_LARGEFILE
LogInit:      CURL_VERSION_IDN
LogInit:  CurlRequestOptions (configurable via config and command line):
LogInit:  - bVerifyPeer = false  - Libcurl will NOT verify peer certificate
LogInit:  - bUseHttpProxy = false  - Libcurl will NOT use HTTP proxy
LogInit:  - bDontReuseConnections = false  - Libcurl will reuse connections
LogInit:  - CertBundlePath = nullptr  - Libcurl will use whatever was configured at build time.
LogInit: Build: ++UE4+Release-4.16-CL-3514769
LogInit: Engine Version: 4.16.2-3514769+++UE4+Release-4.16
LogInit: Compatible Engine Version: 4.16.0-3452394+++UE4+Release-4.16
LogInit: Net CL: 3452394
LogDevObjectVersion: Number of dev versions registered: 16
LogDevObjectVersion:   Dev-Blueprints (B0D832E4-1F89-4F0D-ACCF-7EB736FD4AA2): 9
LogDevObjectVersion:   Dev-Build (E1C64328-A22C-4D53-A36C-8E866417BD8C): 0
LogDevObjectVersion:   Dev-Core (375EC13C-06E4-48FB-B500-84F0262A717E): 2
LogDevObjectVersion:   Dev-Editor (E4B068ED-F494-42E9-A231-DA0B2E46BB41): 17
LogDevObjectVersion:   Dev-Framework (CFFC743F-43B0-4480-9391-14DF171D2073): 23
LogDevObjectVersion:   Dev-Mobile (B02B49B5-BB20-44E9-A304-32B752E40360): 0
LogDevObjectVersion:   Dev-Networking (A4E4105C-59A1-49B5-A7C5-40C4547EDFEE): 0
LogDevObjectVersion:   Dev-Online (39C831C9-5AE6-47DC-9A44-9C173E1C8E7C): 0
LogDevObjectVersion:   Dev-Physics (78F01B33-EBEA-4F98-B9B4-84EACCB95AA2): 0
LogDevObjectVersion:   Dev-Platform (6631380F-2D4D-43E0-8009-CF276956A95A): 0
LogDevObjectVersion:   Dev-Rendering (12F88B9F-8875-4AFC-A67C-D90C383ABD29): 15
LogDevObjectVersion:   Dev-Sequencer (7B5AE74C-D270-4C10-A958-57980B212A5A): 4
LogDevObjectVersion:   Dev-VR (D7296918-1DD6-4BDD-9DE2-64A83CC13884): 0
LogDevObjectVersion:   Dev-LoadTimes (C2A15278-BFE7-4AFE-6C17-90FF531DF755): 1
LogDevObjectVersion:   Private-Geometry (6EACA3D4-40EC-4CC1-B786-8BED09428FC5): 1
LogDevObjectVersion:   Dev-AnimPhys (29E575DD-E0A3-4627-9D10-D276232CDCEA): 3
LogInit: Compiled (64-bit): Jun 29 2017 02:03:24
LogInit: Compiled with Visual C++: 19.00.24215.01
LogInit: Build Configuration: Development
LogInit: Branch Name: ++UE4+Release-4.16
LogInit: Command line: 
LogInit: Base directory: I:/Program Files/Epic Games/UE_4.16/Engine/Binaries/Win64/
LogInit: Installed Engine Build: 1
LogInit: Presizing for max 8388607 objects, including 0 objects not considered by GC, pre-allocating 0 bytes for permanent pool.
LogInit: Object subsystem initialized
[2017.09.02-06.02.17:094][  0]LogInit: Selected Device Profile: [Windows]
[2017.09.02-06.02.17:094][  0]LogInit: Applying CVar settings loaded from the selected device profile: [Windows]
[2017.09.02-06.02.17:100][  0]LogInit: Computer: PC-LITE
[2017.09.02-06.02.17:100][  0]LogInit: User: User
[2017.09.02-06.02.17:100][  0]LogInit: CPU Page size=4096, Cores=2
[2017.09.02-06.02.17:100][  0]LogInit: High frequency timer resolution =3.609374 MHz
[2017.09.02-06.02.17:100][  0]LogMemory: Memory total: Physical=7.9GB (8GB approx)
[2017.09.02-06.02.17:100][  0]LogMemory: Platform Memory Stats for Windows
[2017.09.02-06.02.17:100][  0]LogMemory: Process Physical Memory: 272.35 MB used, 272.35 MB peak
[2017.09.02-06.02.17:100][  0]LogMemory: Process Virtual Memory: 258.20 MB used, 258.20 MB peak
[2017.09.02-06.02.17:100][  0]LogMemory: Physical Memory: 3357.46 MB used,  4778.63 MB free, 8136.09 MB total
[2017.09.02-06.02.17:100][  0]LogMemory: Virtual Memory: 634.04 MB used,  4778.63 MB free, 134217728.00 MB total
[2017.09.02-06.02.17:144][  0]LogInit: Using OS detected language (ru-RU).
[2017.09.02-06.02.17:144][  0]LogInit: Using OS detected locale (ru-RU).
[2017.09.02-06.02.17:146][  0]LogTextLocalizationManager: No localization for 'ru-RU' exists, so 'en' will be used for the language.
[2017.09.02-06.02.17:146][  0]LogTextLocalizationManager: No localization for 'ru-RU' exists, so 'en' will be used for the locale.
[2017.09.02-06.02.17:900][  0]LogD3D11RHI: D3D11 adapters:
[2017.09.02-06.02.18:442][  0]LogD3D11RHI:    0. 'NVIDIA GeForce GTX 1050 Ti' (Feature Level 11_0)
[2017.09.02-06.02.18:442][  0]LogD3D11RHI:       4014/0/4068 MB DedicatedVideo/DedicatedSystem/SharedSystem, Outputs:2, VendorId:0x10de
[2017.09.02-06.02.18:443][  0]LogD3D11RHI:    1. 'Microsoft Basic Render Driver' (Feature Level 11_0)
[2017.09.02-06.02.18:443][  0]LogD3D11RHI:       0/0/4068 MB DedicatedVideo/DedicatedSystem/SharedSystem, Outputs:0, VendorId:0x1414
[2017.09.02-06.02.18:443][  0]LogD3D11RHI: Chosen D3D11 Adapter: 0
[2017.09.02-06.02.18:446][  0]LogD3D11RHI: Creating new Direct3DDevice
[2017.09.02-06.02.18:446][  0]LogD3D11RHI:     GPU DeviceId: 0x1c82 (for the marketing name, search the web for "GPU Device Id")
[2017.09.02-06.02.18:446][  0]LogWindows: EnumDisplayDevices:
[2017.09.02-06.02.18:446][  0]LogWindows:    0. 'NVIDIA GeForce GTX 1050 Ti' (P:1 D:1)
[2017.09.02-06.02.18:447][  0]LogWindows:    1. 'NVIDIA GeForce GTX 1050 Ti' (P:0 D:1)
[2017.09.02-06.02.18:447][  0]LogWindows:    2. 'NVIDIA GeForce GTX 1050 Ti' (P:0 D:0)
[2017.09.02-06.02.18:447][  0]LogWindows:    3. 'NVIDIA GeForce GTX 1050 Ti' (P:0 D:0)
[2017.09.02-06.02.18:447][  0]LogWindows: DebugString: FoundDriverCount:4 
[2017.09.02-06.02.18:447][  0]LogD3D11RHI:     Adapter Name: NVIDIA GeForce GTX 1050 Ti
[2017.09.02-06.02.18:447][  0]LogD3D11RHI:   Driver Version: 384.76 (internal:22.21.13.8476, unified:384.76)
[2017.09.02-06.02.18:447][  0]LogD3D11RHI:      Driver Date: 6-27-2017
[2017.09.02-06.02.18:447][  0]LogRHI: Texture pool is 1361 MB (70% of 1945 MB)
[2017.09.02-06.02.19:108][  0]LogD3D11RHI: Async texture creation enabled
[2017.09.02-06.02.19:176][  0]LogD3D11RHI: GPU Timing Frequency: 1000.000000 (Debug: 2 1)
[2017.09.02-06.02.19:273][  0]LogShaderCompilers: Guid format shader working directory is -9 characters bigger than the processId version (F:/git/UE4_Person_v2/UE4_Person_v2/Intermediate/Shaders/WorkingDirectory/4100/).
[2017.09.02-06.02.19:273][  0]LogShaderCompilers: Cleaned the shader compiler working directory 'D:/TEMP/Temp/UnrealShaderWorkingDir/CE86D9BA427117A081EFAFB0C9742D15/'.
[2017.09.02-06.02.19:273][  0]LogShaderCompilers:Display: Using Local Shader Compiler.
[2017.09.02-06.02.20:186][  0]LogTemp:Display: Loaded TP AllDesktopTargetPlatform
[2017.09.02-06.02.20:214][  0]LogTemp:Display: Loaded TP MacClientTargetPlatform
[2017.09.02-06.02.20:242][  0]LogTemp:Display: Loaded TP MacNoEditorTargetPlatform
[2017.09.02-06.02.20:271][  0]LogTemp:Display: Loaded TP MacServerTargetPlatform
[2017.09.02-06.02.20:300][  0]LogTemp:Display: Loaded TP MacTargetPlatform
[2017.09.02-06.02.20:328][  0]LogTemp:Display: Loaded TP WindowsClientTargetPlatform
[2017.09.02-06.02.20:357][  0]LogTemp:Display: Loaded TP WindowsNoEditorTargetPlatform
[2017.09.02-06.02.20:385][  0]LogTemp:Display: Loaded TP WindowsServerTargetPlatform
[2017.09.02-06.02.20:408][  0]LogTemp:Display: Loaded TP WindowsTargetPlatform
[2017.09.02-06.02.20:436][  0]LogTemp:Display: Loaded TP AndroidTargetPlatform
[2017.09.02-06.02.20:464][  0]LogTemp:Display: Loaded TP Android_ASTCTargetPlatform
[2017.09.02-06.02.20:491][  0]LogTemp:Display: Loaded TP Android_ATCTargetPlatform
[2017.09.02-06.02.20:518][  0]LogTemp:Display: Loaded TP Android_DXTTargetPlatform
[2017.09.02-06.02.20:546][  0]LogTemp:Display: Loaded TP Android_ETC1TargetPlatform
[2017.09.02-06.02.20:574][  0]LogTemp:Display: Loaded TP Android_ETC2TargetPlatform
[2017.09.02-06.02.20:629][  0]LogTemp:Display: Loaded TP Android_MultiTargetPlatform
[2017.09.02-06.02.20:629][  0]LogTemp:Display: Loaded TP Android_PVRTCTargetPlatform
[2017.09.02-06.02.20:650][  0]LogTemp:Display: Loaded TP HTML5TargetPlatform
[2017.09.02-06.02.20:712][  0]LogTemp:Display: Loaded TP IOSTargetPlatform
[2017.09.02-06.02.20:730][  0]LogTemp:Display: Loaded TP TVOSTargetPlatform
[2017.09.02-06.02.20:758][  0]LogTemp:Display: Loaded TP LinuxClientTargetPlatform
[2017.09.02-06.02.20:785][  0]LogTemp:Display: Loaded TP LinuxNoEditorTargetPlatform
[2017.09.02-06.02.20:813][  0]LogTemp:Display: Loaded TP LinuxServerTargetPlatform
[2017.09.02-06.02.20:844][  0]LogTemp:Display: Loaded TP LinuxTargetPlatform
[2017.09.02-06.02.20:844][  0]LogTargetPlatformManager:Display: Building Assets For Windows
[2017.09.02-06.02.21:112][  0]LogDerivedDataCache:Display: Max Cache Size: 512 MB
[2017.09.02-06.02.21:201][  0]LogDerivedDataCache: Loaded boot cache 0.09s 90MB C:/Users/User/AppData/Local/UnrealEngine/4.16/DerivedDataCache/Boot.ddc.
[2017.09.02-06.02.21:201][  0]LogDerivedDataCache:Display: Loaded Boot cache: C:/Users/User/AppData/Local/UnrealEngine/4.16/DerivedDataCache/Boot.ddc
[2017.09.02-06.02.21:201][  0]LogDerivedDataCache: FDerivedDataBackendGraph:  Pak pak cache file F:/git/UE4_Person_v2/UE4_Person_v2/DerivedDataCache/DDC.ddp not found, will not use a pak cache.
[2017.09.02-06.02.21:201][  0]LogDerivedDataCache: Unable to find inner node Pak for hierarchical cache Hierarchy.
[2017.09.02-06.02.21:201][  0]LogDerivedDataCache: FDerivedDataBackendGraph:  CompressedPak pak cache file F:/git/UE4_Person_v2/UE4_Person_v2/DerivedDataCache/Compressed.ddp not found, will not use a pak cache.
[2017.09.02-06.02.21:201][  0]LogDerivedDataCache: Unable to find inner node CompressedPak for hierarchical cache Hierarchy.
[2017.09.02-06.02.21:214][  0]LogDerivedDataCache:Display: Pak cache opened for reading ../../../Engine/DerivedDataCache/Compressed.ddp.
[2017.09.02-06.02.21:226][  0]LogDerivedDataCache: Using Local data cache path C:/Users/User/AppData/Local/UnrealEngine/Common/DerivedDataCache: Writable
[2017.09.02-06.02.21:234][  0]LogMaterial: Verifying Global Shaders for PCD3D_SM5
[2017.09.02-06.02.21:234][  0]LogSlate: Using Freetype 2.6.0
[2017.09.02-06.02.21:235][  0]LogSlate: SlateFontCache - WITH_FREETYPE: 1, WITH_HARFBUZZ: 1
[2017.09.02-06.02.21:235][  0]LogSlate: SlateFontCache - WITH_FREETYPE: 1, WITH_HARFBUZZ: 1
[2017.09.02-06.02.21:468][  0]LogInit: Selected Device Profile: [Windows]
[2017.09.02-06.02.21:536][  0]LogContentStreaming: Texture pool size is 0.00 MB
[2017.09.02-06.02.21:642][  0]LogMeshUtilities: Using QuadricMeshReduction for automatic static mesh reduction
[2017.09.02-06.02.21:666][  0]LogSimplygon: Simplygon DLL not present - disabling.
[2017.09.02-06.02.21:690][  0]LogMeshUtilities: Using SimplygonSwarm for distributed automatic mesh merging
[2017.09.02-06.02.21:690][  0]LogMeshUtilities: No automatic skeletal mesh reduction module available
[2017.09.02-06.02.21:690][  0]LogMeshUtilities: No automatic mesh merging module available
[2017.09.02-06.02.22:131][  0]LogNetVersion: UE4_Person_v2 , NetCL: 3452394, EngineNetVer: 2, GameNetVer: 0 (Checksum: 3957557026)
[2017.09.02-06.02.22:179][  0]LogAssetRegistry: FAssetRegistry took 0.0246 seconds to start up
[2017.09.02-06.02.22:210][  0]LogPackageLocalizationCache: Processed 5 localized package path(s) for 1 prioritized culture(s) in 0.013709 seconds
[2017.09.02-06.02.22:215][  0]LogUObjectArray: 34194 objects as part of root set at end of initial load.
[2017.09.02-06.02.22:215][  0]LogUObjectAllocator: 7260416 out of 0 bytes used by permanent object pool.
[2017.09.02-06.02.22:215][  0]LogUObjectArray: CloseDisregardForGC: 0/0 objects in disregard for GC pool
[2017.09.02-06.02.22:249][  0]LogInit: WinSock: version 1.1 (2.2), MaxSocks=32767, MaxUdp=65467
[2017.09.02-06.02.23:782][  0]LogTcpMessaging: Initializing TcpMessaging bridge
[2017.09.02-06.02.23:807][  0]LogUdpMessaging: Initializing bridge on interface 0.0.0.0:0 to multicast group 230.0.0.1:6666.
[2017.09.02-06.02.24:217][  0]LogMaterial: Uniform references updated for custom material expression Custom.
[2017.09.02-06.02.24:448][  0]SourceControl: Info Source control is disabled
[2017.09.02-06.02.24:449][  0]SourceControl: Info Source control is disabled
[2017.09.02-06.02.24:472][  0]SourceControl: Info Source control is disabled
[2017.09.02-06.02.24:495][  0]SourceControl: Info Source control is disabled
[2017.09.02-06.02.24:642][  0]LogLinker:Warning: Can't find file '/Game/ThirdPersonBP/ThirdPersonOverview'
[2017.09.02-06.02.24:642][  0]LogLinker:Warning: Can't find file '/Game/ThirdPersonBP/ThirdPersonOverview'
[2017.09.02-06.02.24:642][  0]LogUObjectGlobals:Warning: Failed to find object 'Class /Game/ThirdPersonBP/ThirdPersonOverview.ThirdPersonOverview_C'
[2017.09.02-06.02.24:869][  0]LogAndroidPermission: UAndroidPermissionCallbackProxy::GetInstance
[2017.09.02-06.02.25:183][  0]LogEngine: Initializing Engine...
[2017.09.02-06.02.25:183][  0]LogHMD: Failed to initialize OpenVR with code 110
[2017.09.02-06.02.25:360][  0]LogStats: UGameplayTagsManager::ConstructGameplayTagTree: Construct from data asset -  0.000 s
[2017.09.02-06.02.25:360][  0]LogStats: UGameplayTagsManager::ConstructGameplayTagTree: GameplayTagTreeChangedEvent.Broadcast -  0.000 s
[2017.09.02-06.02.25:438][  0]LogAIModule: Creating AISystem for world Untitled
[2017.09.02-06.02.25:446][  0]LogInit: XAudio2 using 'Динамики (Realtek High Definition Audio)' : 2 channels at 48 kHz using 32 bits per sample (channel mask 0x3)
[2017.09.02-06.02.25:458][  0]LogInit: FAudioDevice initialized.
[2017.09.02-06.02.25:502][  0]LogDerivedDataCache: Saved boot cache 0.04s 90MB C:/Users/User/AppData/Local/UnrealEngine/4.16/DerivedDataCache/Boot.ddc.
[2017.09.02-06.02.25:516][  0]LogInit: Texture streaming: Enabled
[2017.09.02-06.02.25:569][  0]LogEngineSessionManager: EngineSessionManager initialized
[2017.09.02-06.02.25:690][  0]LogInit: Transaction tracking system initialized
[2017.09.02-06.02.25:851][  0]BlueprintLog: New page: Editor Load
[2017.09.02-06.02.26:335][  0]LocalizationService: Info Localization service is disabled
[2017.09.02-06.02.26:693][  0]LogConsoleResponse:Display: 
[2017.09.02-06.02.26:812][  0]LogCook:Display: Max memory allowance for cook 16384mb min free memory 0mb
[2017.09.02-06.02.26:812][  0]LogCook:Display: Mobile HDR setting 1
[2017.09.02-06.02.27:349][  0]LogFileCache: Scanning file cache for directory 'F:/git/UE4_Person_v2/UE4_Person_v2/Content/' took 0.01s
[2017.09.02-06.02.27:349][  0]SourceControl: Info Source control is disabled
[2017.09.02-06.02.27:349][  0]Cmd: MAP LOAD FILE="F:/git/UE4_Person_v2/UE4_Person_v2/Content/Maps/SurvivalMap.umap" TEMPLATE=0 SHOWPROGRESS=1 FEATURELEVEL=3
[2017.09.02-06.02.27:349][  0]LightingResults: New page: Lighting Build
[2017.09.02-06.02.27:371][  0]MapCheck: New page: Map Check
[2017.09.02-06.02.27:371][  0]LightingResults: New page: Lighting Build
[2017.09.02-06.02.27:772][  0]LogLinker:Warning: Can't find file '/Game/Geometry/Meshes/CubeMaterial'
[2017.09.02-06.02.27:772][  0]LogLinker:Warning: Can't find file for asset '/Game/Geometry/Meshes/CubeMaterial' while loading F:/git/UE4_Person_v2/UE4_Person_v2/Content/Geometry/Meshes/1M_Cube_Chamfer.uasset.
[2017.09.02-06.02.27:772][  0]LoadErrors:Error: Error /Game/Geometry/Meshes/1M_Cube_Chamfer : Can't find file for asset. /Game/Geometry/Meshes/CubeMaterial
[2017.09.02-06.02.27:772][  0]LogLinker:Warning: Can't find file '/Game/Geometry/Meshes/CubeMaterial'
[2017.09.02-06.02.27:772][  0]LogLinker:Warning: Can't find file for asset '/Game/Geometry/Meshes/CubeMaterial' while loading F:/git/UE4_Person_v2/UE4_Person_v2/Content/Geometry/Meshes/1M_Cube_Chamfer.uasset.
[2017.09.02-06.02.27:772][  0]LoadErrors:Error: Error /Game/Geometry/Meshes/1M_Cube_Chamfer : Can't find file for asset. /Game/Geometry/Meshes/CubeMaterial
[2017.09.02-06.02.28:098][  0]LogLinker:Warning: Can't find file '/Game/Geometry/Meshes/CubeMaterial'
[2017.09.02-06.02.28:098][  0]LoadErrors: Info Failed to load /Game/Geometry/Meshes/CubeMaterial.CubeMaterial Referenced by 1M_Cube_Chamfer
[2017.09.02-06.02.28:098][  0]LogLinker:Warning: Can't find file for asset '/Game/Geometry/Meshes/CubeMaterial' while loading NULL.
[2017.09.02-06.02.28:098][  0]LoadErrors: Info Failed to load /Game/Geometry/Meshes/CubeMaterial.CubeMaterial Referenced by 1M_Cube_Chamfer
[2017.09.02-06.02.28:405][  0]LogAIModule: Creating AISystem for world SurvivalMap
[2017.09.02-06.02.28:416][  0]LogEditorServer: Finished looking for orphan Actors (0.000 secs)
[2017.09.02-06.02.28:443][  0]Cmd: MAP CHECKDEP NOCLEARLOG
[2017.09.02-06.02.28:472][  0]MapCheck: Info Map check complete: 0 Error(s), 0 Warning(s), took 28.298ms to complete.
[2017.09.02-06.02.28:472][  0]LogFileHelpers: Loading map 'SurvivalMap' took 1.123
[2017.09.02-06.02.28:659][  0]LogCollectionManager: Loaded 0 collections in 0.000666 seconds
[2017.09.02-06.02.28:751][  0]LogFileCache: Scanning file cache for directory 'F:/git/UE4_Person_v2/UE4_Person_v2/Saved/Collections/' took 0.01s
[2017.09.02-06.02.28:751][  0]LogFileCache: Scanning file cache for directory 'F:/git/UE4_Person_v2/UE4_Person_v2/Content/Developers/User/Collections/' took 0.01s
[2017.09.02-06.02.28:751][  0]LogFileCache: Scanning file cache for directory 'F:/git/UE4_Person_v2/UE4_Person_v2/Content/Collections/' took 0.01s
[2017.09.02-06.02.28:751][  0]LogCollectionManager: Rebuilt the GUID cache for 0 collections in 0.000002 seconds
[2017.09.02-06.02.28:765][  0]LogContentBrowser: Native class hierarchy populated in 0.0143 seconds. Added 2334 classes and 495 folders.
[2017.09.02-06.02.28:802][  0]LogContentBrowser: Native class hierarchy updated for 'WidgetCarousel' in 0.0004 seconds. Added 0 classes and 0 folders.
[2017.09.02-06.02.28:824][  0]LogContentBrowser: Native class hierarchy updated for 'AddContentDialog' in 0.0004 seconds. Added 0 classes and 0 folders.
[2017.09.02-06.02.28:849][  0]LogContentBrowser: Native class hierarchy updated for 'SceneOutliner' in 0.0004 seconds. Added 1 classes and 2 folders.
[2017.09.02-06.02.28:879][  0]LogCrashTracker: Crashtracker disabled due to settings.
[2017.09.02-06.02.28:885][  0]LogSlate: Took 0.000162 seconds to synchronously load lazily loaded font '../../../Engine/Content/Slate/Fonts/Roboto-Regular.ttf' (155K)
[2017.09.02-06.02.28:889][  0]LogSlate: Took 0.000152 seconds to synchronously load lazily loaded font '../../../Engine/Content/Slate/Fonts/Roboto-Bold.ttf' (160K)
[2017.09.02-06.02.28:966][  0]LogRenderer: Reallocating scene render targets to support 1180x936 NumSamples 1 (Frame:1).
[2017.09.02-06.02.29:070][  0]LogUObjectGlobals:Warning: Failed to find object 'Class None.'
[2017.09.02-06.02.29:134][  0]LogContentBrowser: Native class hierarchy updated for 'HierarchicalLODOutliner' in 0.0006 seconds. Added 1 classes and 2 folders.
[2017.09.02-06.02.29:136][  0]LogLoad: (Engine Initialization) Total time: 12.97 seconds
[2017.09.02-06.02.29:136][  0]LogLoad: (Engine Initialization) Total Blueprint compile time: 0.33 seconds
[2017.09.02-06.02.29:136][  0]LogExternalProfiler: No external profilers were discovered.  External profiling features will not be available.
[2017.09.02-06.02.29:477][  0]LogOcInput: OculusInput pre-init called
[2017.09.02-06.02.29:477][  0]LogHMD: Starting GearVRController plugin
[2017.09.02-06.02.29:515][  0]LogContentStreaming: Texture pool size now 3000 MB
[2017.09.02-06.02.30:200][  3]LogSlate: Took 0.000287 seconds to synchronously load lazily loaded font '../../../Engine/Content/Slate/Fonts/Roboto-Light.ttf' (159K)
[2017.09.02-06.02.30:494][  3]LogContentBrowser: Native class hierarchy updated for 'BlueprintGraph' in 0.0007 seconds. Added 112 classes and 0 folders.
[2017.09.02-06.02.32:669][  3]LogAssetRegistry: Asset discovery search completed in 10.5114 seconds
[2017.09.02-06.02.32:671][  3]LogCollectionManager: Rebuilt the object cache for 0 collections in 0.000000 seconds (found 0 objects)
[2017.09.02-06.02.32:671][  3]LogCollectionManager: Fixed up redirectors for 0 collections in 0.000035 seconds (updated 0 objects)
[2017.09.02-06.02.32:687][  3]LogSlate: Took 0.000146 seconds to synchronously load lazily loaded font '../../../Engine/Content/Editor/Slate/Fonts/Roboto-BoldCondensed.ttf' (158K)
[2017.09.02-06.02.42:930][ 34]LogSlate: Took 0.000119 seconds to synchronously load lazily loaded font '../../../Engine/Content/Editor/Slate/Fonts/Roboto-Italic.ttf' (157K)
[2017.09.02-06.02.44:410][196]LogActorComponent: UnregisterComponent: (/Engine/Transient.EditorFloorComp) Not registered. Aborting.
[2017.09.02-06.02.44:782][231]LogActorComponent: UnregisterComponent: (/Engine/Transient.EditorFloorComp) Not registered. Aborting.
[2017.09.02-06.02.45:175][270]LogActorComponent: UnregisterComponent: (/Engine/Transient.EditorFloorComp) Not registered. Aborting.
[2017.09.02-06.02.48:261][618]LogActorComponent: UnregisterComponent: (/Engine/Transient.EditorFloorComp) Not registered. Aborting.
[2017.09.02-06.02.48:669][656]LogActorComponent: UnregisterComponent: (/Engine/Transient.EditorFloorComp) Not registered. Aborting.
[2017.09.02-06.02.48:990][688]LogActorComponent: UnregisterComponent: (/Engine/Transient.EditorFloorComp) Not registered. Aborting.
[2017.09.02-06.02.52:295][ 68]LogWindowsTextInputMethodSystem:Display: IME system now deactivated.
[2017.09.02-06.02.52:480][ 69]Cmd: QUIT_EDITOR
[2017.09.02-06.02.52:531][ 69]LogExit: Preparing to exit.
[2017.09.02-06.02.52:984][ 69]LogExit: Editor shut down
[2017.09.02-06.02.52:988][ 69]LogExit: Transaction tracking system shut down
[2017.09.02-06.02.53:079][ 69]LogObj: Freed 0b from 0 cluster array pools.
[2017.09.02-06.02.53:079][ 69]LogExit: Object subsystem successfully closed.
[2017.09.02-06.02.53:179][ 69]LogD3D11RHI: Shutdown
[2017.09.02-06.02.53:180][ 69]LogD3D11RHI: CleanupD3DDevice
[2017.09.02-06.02.53:482][ 69]LogD3D11RHI: ~FD3D11DynamicRHI
[2017.09.02-06.02.53:496][ 69]LogModuleManager: Shutting down and abandoning module BlueprintGraph (530)
[2017.09.02-06.02.53:496][ 69]LogModuleManager: Shutting down and abandoning module BlueprintProfiler (528)
[2017.09.02-06.02.53:496][ 69]LogModuleManager: Shutting down and abandoning module HierarchicalLODOutliner (526)
[2017.09.02-06.02.53:496][ 69]LogModuleManager: Shutting down and abandoning module CrashTracker (524)
[2017.09.02-06.02.53:496][ 69]LogModuleManager: Shutting down and abandoning module SceneOutliner (522)
[2017.09.02-06.02.53:496][ 69]LogModuleManager: Shutting down and abandoning module AddContentDialog (520)
[2017.09.02-06.02.53:497][ 69]LogDirectoryWatcher: A directory notification for 'I:/Program Files/Epic Games/UE_4.16/FeaturePacks/' was aborted.
[2017.09.02-06.02.53:497][ 69]LogModuleManager: Shutting down and abandoning module WidgetCarousel (519)
[2017.09.02-06.02.53:497][ 69]LogModuleManager: Shutting down and abandoning module EditorWidgets (516)
[2017.09.02-06.02.53:497][ 69]LogModuleManager: Shutting down and abandoning module CollectionManager (514)
[2017.09.02-06.02.53:497][ 69]LogDirectoryWatcher: A directory notification for 'F:/git/UE4_Person_v2/UE4_Person_v2/Content/Collections/' was aborted.
[2017.09.02-06.02.53:498][ 69]LogDirectoryWatcher: A directory notification for 'F:/git/UE4_Person_v2/UE4_Person_v2/Content/Developers/User/Collections/' was aborted.
[2017.09.02-06.02.53:498][ 69]LogDirectoryWatcher: A directory notification for 'F:/git/UE4_Person_v2/UE4_Person_v2/Saved/Collections/' was aborted.
[2017.09.02-06.02.53:498][ 69]LogModuleManager: Shutting down and abandoning module StatsViewer (512)
[2017.09.02-06.02.53:498][ 69]LogModuleManager: Shutting down and abandoning module FoliageEdit (510)
[2017.09.02-06.02.53:498][ 69]LogModuleManager: Shutting down and abandoning module LandscapeEditor (508)
[2017.09.02-06.02.53:498][ 69]LogModuleManager: Shutting down and abandoning module MeshPaintMode (506)
[2017.09.02-06.02.53:498][ 69]LogModuleManager: Shutting down and abandoning module SceneDepthPickerMode (504)
[2017.09.02-06.02.53:498][ 69]LogModuleManager: Shutting down and abandoning module ActorPickerMode (502)
[2017.09.02-06.02.53:498][ 69]LogModuleManager: Shutting down and abandoning module GeometryMode (500)
[2017.09.02-06.02.53:498][ 69]LogModuleManager: Shutting down and abandoning module TextureAlignMode (498)
[2017.09.02-06.02.53:498][ 69]LogModuleManager: Shutting down and abandoning module BspMode (496)
[2017.09.02-06.02.53:498][ 69]LogModuleManager: Shutting down and abandoning module HardwareSurvey (494)
[2017.09.02-06.02.53:498][ 69]LogModuleManager: Shutting down and abandoning module SequenceRecorderSections (492)
[2017.09.02-06.02.53:498][ 69]LogModuleManager: Shutting down and abandoning module AutomationWorker (490)
[2017.09.02-06.02.53:498][ 69]LogModuleManager: Shutting down and abandoning module MatineeToLevelSequence (488)
[2017.09.02-06.02.53:498][ 69]LogModuleManager: Shutting down and abandoning module LevelSequenceEditor (486)
[2017.09.02-06.02.53:498][ 69]LogModuleManager: Shutting down and abandoning module PlacementMode (485)
[2017.09.02-06.02.53:498][ 69]LogModuleManager: Shutting down and abandoning module WmfMediaFactory (482)
[2017.09.02-06.02.53:498][ 69]LogModuleManager: Shutting down and abandoning module WmfMediaEditor (480)
[2017.09.02-06.02.53:498][ 69]LogModuleManager: Shutting down and abandoning module AvfMediaFactory (478)
[2017.09.02-06.02.53:498][ 69]LogModuleManager: Shutting down and abandoning module AvfMediaEditor (476)
[2017.09.02-06.02.53:498][ 69]LogModuleManager: Shutting down and abandoning module AndroidMediaFactory (474)
[2017.09.02-06.02.53:498][ 69]LogModuleManager: Shutting down and abandoning module Media (473)
[2017.09.02-06.02.53:498][ 69]LogModuleManager: Shutting down and abandoning module AndroidMediaEditor (470)
[2017.09.02-06.02.53:498][ 69]LogModuleManager: Shutting down and abandoning module CharacterAI (468)
[2017.09.02-06.02.53:498][ 69]LogModuleManager: Shutting down and abandoning module AudioCapture (466)
[2017.09.02-06.02.53:498][ 69]LogModuleManager: Shutting down and abandoning module SequenceRecorder (465)
[2017.09.02-06.02.53:498][ 69]LogModuleManager: Shutting down and abandoning module SmartSnapping (462)
[2017.09.02-06.02.53:498][ 69]LogModuleManager: Shutting down and abandoning module SessionServices (460)
[2017.09.02-06.02.53:498][ 69]LogModuleManager: Shutting down and abandoning module ViewportSnapping (458)
[2017.09.02-06.02.53:498][ 69]LogModuleManager: Shutting down and abandoning module ViewportInteraction (456)
[2017.09.02-06.02.53:498][ 69]LogModuleManager: Shutting down and abandoning module ClothPainter (454)
[2017.09.02-06.02.53:498][ 69]LogModuleManager: Shutting down and abandoning module LogVisualizer (452)
[2017.09.02-06.02.53:498][ 69]LogModuleManager: Shutting down and abandoning module IntroTutorials (450)
[2017.09.02-06.02.53:498][ 69]LogModuleManager: Shutting down and abandoning module GameProjectGeneration (449)
[2017.09.02-06.02.53:498][ 69]LogModuleManager: Shutting down and abandoning module EditorLiveStreaming (446)
[2017.09.02-06.02.53:498][ 69]LogModuleManager: Shutting down and abandoning module IOSPlatformEditor (444)
[2017.09.02-06.02.53:498][ 69]LogModuleManager: Shutting down and abandoning module HTML5PlatformEditor (442)
[2017.09.02-06.02.53:498][ 69]LogModuleManager: Shutting down and abandoning module AndroidPlatformEditor (440)
[2017.09.02-06.02.53:498][ 69]LogModuleManager: Shutting down and abandoning module AndroidDeviceDetection (439)
[2017.09.02-06.02.53:518][ 69]LogModuleManager: Shutting down and abandoning module IOSRuntimeSettings (436)
[2017.09.02-06.02.53:518][ 69]LogModuleManager: Shutting down and abandoning module AndroidRuntimeSettings (434)
[2017.09.02-06.02.53:518][ 69]LogModuleManager: Shutting down and abandoning module InputBindingEditor (432)
[2017.09.02-06.02.53:518][ 69]LogModuleManager: Shutting down and abandoning module MergeActors (430)
[2017.09.02-06.02.53:518][ 69]LogModuleManager: Shutting down and abandoning module SizeMap (428)
[2017.09.02-06.02.53:518][ 69]LogModuleManager: Shutting down and abandoning module TreeMap (426)
[2017.09.02-06.02.53:518][ 69]LogModuleManager: Shutting down and abandoning module ReferenceViewer (424)
[2017.09.02-06.02.53:518][ 69]LogModuleManager: Shutting down and abandoning module LocalizationDashboard (422)
[2017.09.02-06.02.53:518][ 69]LogModuleManager: Shutting down and abandoning module LocalizationService (421)
[2017.09.02-06.02.53:518][ 69]LogModuleManager: Shutting down and abandoning module HardwareTargeting (418)
[2017.09.02-06.02.53:518][ 69]LogModuleManager: Shutting down and abandoning module DeviceProfileEditor (416)
[2017.09.02-06.02.53:518][ 69]LogModuleManager: Shutting down and abandoning module UndoHistory (414)
[2017.09.02-06.02.53:518][ 69]LogModuleManager: Shutting down and abandoning module UserFeedback (412)
[2017.09.02-06.02.53:518][ 69]LogModuleManager: Shutting down and abandoning module XmlParser (410)
[2017.09.02-06.02.53:518][ 69]LogModuleManager: Shutting down and abandoning module Blutility (408)
[2017.09.02-06.02.53:518][ 69]LogModuleManager: Shutting down and abandoning module ProjectSettingsViewer (406)
[2017.09.02-06.02.53:518][ 69]LogModuleManager: Shutting down and abandoning module ProjectTargetPlatformEditor (405)
[2017.09.02-06.02.53:518][ 69]LogModuleManager: Shutting down and abandoning module EditorSettingsViewer (402)
[2017.09.02-06.02.53:518][ 69]LogModuleManager: Shutting down and abandoning module SettingsEditor (400)
[2017.09.02-06.02.53:518][ 69]LogModuleManager: Shutting down and abandoning module ProjectLauncher (398)
[2017.09.02-06.02.53:518][ 69]LogModuleManager: Shutting down and abandoning module SessionFrontend (396)
[2017.09.02-06.02.53:518][ 69]LogModuleManager: Shutting down and abandoning module ProfilerClient (394)
[2017.09.02-06.02.53:518][ 69]LogModuleManager: Shutting down and abandoning module DeviceManager (392)
[2017.09.02-06.02.53:518][ 69]LogModuleManager: Shutting down and abandoning module TargetDeviceServices (391)
[2017.09.02-06.02.53:562][ 69]LogModuleManager: Shutting down and abandoning module AutomationController (388)
[2017.09.02-06.02.53:562][ 69]LogModuleManager: Shutting down and abandoning module AutomationWindow (386)
[2017.09.02-06.02.53:562][ 69]LogModuleManager: Shutting down and abandoning module Layers (384)
[2017.09.02-06.02.53:562][ 69]LogModuleManager: Shutting down and abandoning module ComponentVisualizers (382)
[2017.09.02-06.02.53:562][ 69]LogModuleManager: Shutting down and abandoning module DetailCustomizations (380)
[2017.09.02-06.02.53:562][ 69]LogModuleManager: Shutting down and abandoning module PackagesDialog (378)
[2017.09.02-06.02.53:562][ 69]LogModuleManager: Shutting down and abandoning module Persona (376)
[2017.09.02-06.02.53:562][ 69]LogModuleManager: Shutting down and abandoning module AdvancedPreviewScene (375)
[2017.09.02-06.02.53:562][ 69]LogModuleManager: Shutting down and abandoning module AnimGraph (373)
[2017.09.02-06.02.53:562][ 69]LogModuleManager: Shutting down and abandoning module Kismet (370)
[2017.09.02-06.02.53:569][ 69]LogModuleManager: Shutting down and abandoning module ClassViewer (368)
[2017.09.02-06.02.53:569][ 69]LogModuleManager: Shutting down and abandoning module Toolbox (366)
[2017.09.02-06.02.53:569][ 69]LogModuleManager: Shutting down and abandoning module ModuleUI (364)
[2017.09.02-06.02.53:569][ 69]LogModuleManager: Shutting down and abandoning module MovieSceneTools (362)
[2017.09.02-06.02.53:569][ 69]LogModuleManager: Shutting down and abandoning module OutputLog (360)
[2017.09.02-06.02.53:569][ 69]LogModuleManager: Shutting down and abandoning module GammaUI (358)
[2017.09.02-06.02.53:569][ 69]LogModuleManager: Shutting down and abandoning module Documentation (356)
[2017.09.02-06.02.53:569][ 69]LogModuleManager: Shutting down and abandoning module MovieSceneTracks (354)
[2017.09.02-06.02.53:569][ 69]LogModuleManager: Shutting down and abandoning module MovieScene (352)
[2017.09.02-06.02.53:569][ 69]LogModuleManager: Shutting down and abandoning module Niagara (350)
[2017.09.02-06.02.53:569][ 69]LogModuleManager: Shutting down and abandoning module NiagaraEditor (349)
[2017.09.02-06.02.53:569][ 69]LogModuleManager: Shutting down and abandoning module StreamingPauseRendering (346)
[2017.09.02-06.02.53:569][ 69]LogModuleManager: Shutting down and abandoning module AnalyticsET (344)
[2017.09.02-06.02.53:569][ 69]LogModuleManager: Shutting down and abandoning module PortalServices (342)
[2017.09.02-06.02.53:569][ 69]LogModuleManager: Shutting down and abandoning module PortalRpc (340)
[2017.09.02-06.02.53:570][ 69]LogModuleManager: Shutting down and abandoning module MessagingRpc (338)
[2017.09.02-06.02.53:570][ 69]LogModuleManager: Shutting down and abandoning module AIModule (336)
[2017.09.02-06.02.53:570][ 69]LogModuleManager: Shutting down and abandoning module GameplayDebugger (335)
[2017.09.02-06.02.53:570][ 69]LogModuleManager: Shutting down and abandoning module AITestSuite (333)
[2017.09.02-06.02.53:570][ 69]LogModuleManager: Shutting down and abandoning module ProfilerService (330)
[2017.09.02-06.02.53:688][ 69]LogModuleManager: Shutting down and abandoning module TaskGraph (328)
[2017.09.02-06.02.53:688][ 69]LogModuleManager: Shutting down and abandoning module SteamVRController (326)
[2017.09.02-06.02.53:688][ 69]LogModuleManager: Shutting down and abandoning module SteamVR (324)
[2017.09.02-06.02.53:688][ 69]LogModuleManager: Shutting down and abandoning module ProceduralMeshComponentEditor (322)
[2017.09.02-06.02.53:688][ 69]LogModuleManager: Shutting down and abandoning module ProceduralMeshComponent (320)
[2017.09.02-06.02.53:688][ 69]LogModuleManager: Shutting down and abandoning module OculusLibrary (318)
[2017.09.02-06.02.53:688][ 69]LogModuleManager: Shutting down and abandoning module OculusInput (316)
[2017.09.02-06.02.53:688][ 69]LogModuleManager: Shutting down and abandoning module MobilePatchingUtils (314)
[2017.09.02-06.02.53:688][ 69]LogModuleManager: Shutting down and abandoning module CustomMeshComponent (312)
[2017.09.02-06.02.53:688][ 69]LogModuleManager: Shutting down and abandoning module CableComponent (310)
[2017.09.02-06.02.53:688][ 69]LogModuleManager: Shutting down and abandoning module ArchVisCharacter (308)
[2017.09.02-06.02.53:688][ 69]LogModuleManager: Shutting down and abandoning module AndroidPermission (306)
[2017.09.02-06.02.53:688][ 69]LogModuleManager: Shutting down and abandoning module MediaPlayerEditor (302)
[2017.09.02-06.02.53:689][ 69]LogModuleManager: Shutting down and abandoning module HTML5Networking (300)
[2017.09.02-06.02.53:689][ 69]LogModuleManager: Shutting down and abandoning module AlembicImporter (298)
[2017.09.02-06.02.53:689][ 69]LogModuleManager: Shutting down and abandoning module AlembicLibrary (297)
[2017.09.02-06.02.53:689][ 69]LogModuleManager: Shutting down and abandoning module GeometryCache (296)
[2017.09.02-06.02.53:689][ 69]LogModuleManager: Shutting down and abandoning module GeometryCacheEd (295)
[2017.09.02-06.02.53:689][ 69]LogModuleManager: Shutting down and abandoning module SuperSearchEditor (290)
[2017.09.02-06.02.53:689][ 69]LogModuleManager: Shutting down and abandoning module SuperSearch (289)
[2017.09.02-06.02.53:689][ 69]LogModuleManager: Shutting down and abandoning module SpeedTreeImporter (286)
[2017.09.02-06.02.53:689][ 69]LogModuleManager: Shutting down and abandoning module PluginBrowser (284)
[2017.09.02-06.02.53:689][ 69]LogModuleManager: Shutting down and abandoning module MobileLauncherProfileWizard (282)
[2017.09.02-06.02.53:689][ 69]LogModuleManager: Shutting down and abandoning module VisualStudioSourceCodeAccess (280)
[2017.09.02-06.02.53:689][ 69]LogModuleManager: Shutting down and abandoning module DesktopPlatform (279)
[2017.09.02-06.02.53:689][ 69]LogModuleManager: Shutting down and abandoning module UObjectPlugin (276)
[2017.09.02-06.02.53:689][ 69]LogModuleManager: Shutting down and abandoning module SubversionSourceControl (274)
[2017.09.02-06.02.53:689][ 69]LogModuleManager: Shutting down and abandoning module PerforceSourceControl (272)
[2017.09.02-06.02.53:689][ 69]LogModuleManager: Shutting down and abandoning module GitSourceControl (270)
[2017.09.02-06.02.53:689][ 69]LogModuleManager: Shutting down and abandoning module SourceControl (269)
[2017.09.02-06.02.53:689][ 69]LogModuleManager: Shutting down and abandoning module LightPropagationVolumeEditor (266)
[2017.09.02-06.02.53:689][ 69]LogModuleManager: Shutting down and abandoning module PaperTiledImporter (264)
[2017.09.02-06.02.53:689][ 69]LogModuleManager: Shutting down and abandoning module PaperSpriteSheetImporter (262)
[2017.09.02-06.02.53:689][ 69]LogModuleManager: Shutting down and abandoning module Paper2DEditor (260)
[2017.09.02-06.02.53:689][ 69]LogModuleManager: Shutting down and abandoning module MeshPaint (259)
[2017.09.02-06.02.53:689][ 69]LogModuleManager: Shutting down and abandoning module LevelEditor (257)
[2017.09.02-06.02.53:689][ 69]LogModuleManager: Shutting down and abandoning module PixelInspectorModule (256)
[2017.09.02-06.02.53:689][ 69]LogModuleManager: Shutting down and abandoning module MainFrame (254)
[2017.09.02-06.02.53:689][ 69]LogModuleManager: Shutting down and abandoning module HotReload (253)
[2017.09.02-06.02.53:690][ 69]LogModuleManager: Shutting down and abandoning module PhysXVehiclesEditor (248)
[2017.09.02-06.02.53:690][ 69]LogModuleManager: Shutting down and abandoning module PhysXVehicles (246)
[2017.09.02-06.02.53:690][ 69]LogModuleManager: Shutting down and abandoning module LocationServicesBPLibrary (244)
[2017.09.02-06.02.53:690][ 69]LogModuleManager: Shutting down and abandoning module ImmediatePhysicsEditor (242)
[2017.09.02-06.02.53:690][ 69]LogModuleManager: Shutting down and abandoning module ImmediatePhysics (240)
[2017.09.02-06.02.53:690][ 69]LogModuleManager: Shutting down and abandoning module UdpMessaging (238)
[2017.09.02-06.02.53:791][ 69]LogModuleManager: Shutting down and abandoning module TcpMessaging (236)
[2017.09.02-06.02.53:892][ 69]LogModuleManager: Shutting down and abandoning module DonAINavigation (234)
[2017.09.02-06.02.53:892][ 69]LogModuleManager: Shutting down and abandoning module GameplayTagsEditor (232)
[2017.09.02-06.02.53:892][ 69]LogModuleManager: Shutting down and abandoning module FacialAnimationEditor (230)
[2017.09.02-06.02.53:892][ 69]LogModuleManager: Shutting down and abandoning module FacialAnimation (228)
[2017.09.02-06.02.53:892][ 69]LogModuleManager: Shutting down and abandoning module AssetManagerEditor (226)
[2017.09.02-06.02.53:892][ 69]LogModuleManager: Shutting down and abandoning module GraphEditor (225)
[2017.09.02-06.02.53:892][ 69]LogModuleManager: Shutting down and abandoning module ContentBrowser (223)
[2017.09.02-06.02.53:895][ 69]LogModuleManager: Shutting down and abandoning module LightPropagationVolumeRuntime (220)
[2017.09.02-06.02.53:895][ 69]LogModuleManager: Shutting down and abandoning module Paper2D (218)
[2017.09.02-06.02.53:895][ 69]LogModuleManager: Shutting down and abandoning module WindowsMoviePlayer (216)
[2017.09.02-06.02.53:895][ 69]LogModuleManager: Shutting down and abandoning module WmfMedia (214)
[2017.09.02-06.02.53:895][ 69]LogModuleManager: Shutting down and abandoning module ClothingSystemEditor (212)
[2017.09.02-06.02.53:895][ 69]LogModuleManager: Shutting down and abandoning module ClothingSystemRuntime (210)
[2017.09.02-06.02.53:895][ 69]LogModuleManager: Shutting down and abandoning module MediaAssets (208)
[2017.09.02-06.02.53:895][ 69]LogModuleManager: Shutting down and abandoning module GameLiveStreaming (206)
[2017.09.02-06.02.53:896][ 69]LogModuleManager: Shutting down and abandoning module VREditor (204)
[2017.09.02-06.02.53:896][ 69]LogModuleManager: Shutting down and abandoning module StringTableEditor (202)
[2017.09.02-06.02.53:896][ 69]LogModuleManager: Shutting down and abandoning module GameplayTasksEditor (200)
[2017.09.02-06.02.53:896][ 69]LogModuleManager: Shutting down and abandoning module BehaviorTreeEditor (198)
[2017.09.02-06.02.53:896][ 69]LogModuleManager: Shutting down and abandoning module FunctionalTesting (196)
[2017.09.02-06.02.53:896][ 69]LogModuleManager: Shutting down and abandoning module CollisionAnalyzer (194)
[2017.09.02-06.02.53:896][ 69]LogModuleManager: Shutting down and abandoning module UMG (192)
[2017.09.02-06.02.53:896][ 69]LogModuleManager: Shutting down and abandoning module UMGEditor (191)
[2017.09.02-06.02.53:896][ 69]LogModuleManager: Shutting down and abandoning module Sequencer (190)
[2017.09.02-06.02.53:896][ 69]LogModuleManager: Shutting down and abandoning module AssetTools (188)
[2017.09.02-06.02.53:897][ 69]LogModuleManager: Shutting down and abandoning module MessageLog (187)
[2017.09.02-06.02.53:897][ 69]LogModuleManager: Shutting down and abandoning module WorkspaceMenuStructure (186)
[2017.09.02-06.02.53:897][ 69]LogModuleManager: Shutting down and abandoning module SlateReflector (180)
[2017.09.02-06.02.53:898][ 69]LogModuleManager: Shutting down and abandoning module Slate (178)
[2017.09.02-06.02.53:898][ 69]LogModuleManager: Shutting down and abandoning module EditorStyle (176)
[2017.09.02-06.02.53:905][ 69]LogModuleManager: Shutting down and abandoning module SourceCodeAccess (174)
[2017.09.02-06.02.53:905][ 69]LogModuleManager: Shutting down and abandoning module HeadMountedDisplay (172)
[2017.09.02-06.02.53:905][ 69]LogModuleManager: Shutting down and abandoning module XAudio2 (170)
[2017.09.02-06.02.53:905][ 69]LogModuleManager: Shutting down and abandoning module Networking (168)
[2017.09.02-06.02.53:905][ 69]LogModuleManager: Shutting down and abandoning module Core (164)
[2017.09.02-06.02.53:905][ 69]LogModuleManager: Shutting down and abandoning module AssetRegistry (162)
[2017.09.02-06.02.53:984][ 69]LogDirectoryWatcher: A directory notification for '../../../Engine/Content/' was aborted.
[2017.09.02-06.02.53:984][ 69]LogDirectoryWatcher: A directory notification for 'F:/git/UE4_Person_v2/UE4_Person_v2/Content/' was aborted.
[2017.09.02-06.02.53:984][ 69]LogDirectoryWatcher: A directory notification for '../../../Engine/Plugins/2D/Paper2D/Content/' was aborted.
[2017.09.02-06.02.53:984][ 69]LogDirectoryWatcher: A directory notification for '../../../Engine/Plugins/Marketplace/DonAINavigation/Content/' was aborted.
[2017.09.02-06.02.53:984][ 69]LogDirectoryWatcher: A directory notification for '../../../Engine/Plugins/Runtime/GearVR/Content/' was aborted.
[2017.09.02-06.02.53:986][ 69]LogModuleManager: Shutting down and abandoning module DirectoryWatcher (161)
[2017.09.02-06.02.53:986][ 69]LogModuleManager: Shutting down and abandoning module KismetCompiler (158)
[2017.09.02-06.02.53:986][ 69]LogModuleManager: Shutting down and abandoning module LevelSequence (156)
[2017.09.02-06.02.53:986][ 69]LogModuleManager: Shutting down and abandoning module PhysXFormats (154)
[2017.09.02-06.02.53:986][ 69]LogModuleManager: Shutting down and abandoning module MeshUtilities (152)
[2017.09.02-06.02.53:986][ 69]LogModuleManager: Shutting down and abandoning module SimplygonSwarm (151)
[2017.09.02-06.02.53:986][ 69]LogModuleManager: Shutting down and abandoning module SimplygonMeshReduction (149)
[2017.09.02-06.02.53:987][ 69]LogModuleManager: Shutting down and abandoning module QuadricMeshReduction (147)
[2017.09.02-06.02.53:987][ 69]LogModuleManager: Shutting down and abandoning module DerivedDataCache (144)
[2017.09.02-06.02.54:244][ 69]LogDerivedDataCache: Shutdown
[2017.09.02-06.02.54:244][ 69]LogModuleManager: Shutting down and abandoning module TargetPlatform (142)
[2017.09.02-06.02.54:244][ 69]LogModuleManager: Shutting down and abandoning module VulkanShaderFormat (141)
[2017.09.02-06.02.54:244][ 69]LogModuleManager: Shutting down and abandoning module ShaderFormatVectorVM (139)
[2017.09.02-06.02.54:244][ 69]LogModuleManager: Shutting down and abandoning module ShaderFormatOpenGL (137)
[2017.09.02-06.02.54:244][ 69]LogModuleManager: Shutting down and abandoning module ShaderFormatD3D (135)
[2017.09.02-06.02.54:244][ 69]LogModuleManager: Shutting down and abandoning module MetalShaderFormat (133)
[2017.09.02-06.02.54:244][ 69]LogModuleManager: Shutting down and abandoning module TextureFormatUncompressed (131)
[2017.09.02-06.02.54:244][ 69]LogModuleManager: Shutting down and abandoning module TextureFormatPVR (129)
[2017.09.02-06.02.54:244][ 69]LogModuleManager: Shutting down and abandoning module TextureFormatDXT (127)
[2017.09.02-06.02.54:244][ 69]LogModuleManager: Shutting down and abandoning module TextureFormatIntelISPCTexComp (125)
[2017.09.02-06.02.54:244][ 69]LogModuleManager: Shutting down and abandoning module TextureFormatASTC (123)
[2017.09.02-06.02.54:244][ 69]LogModuleManager: Shutting down and abandoning module ImageWrapper (122)
[2017.09.02-06.02.54:244][ 69]LogModuleManager: Shutting down and abandoning module TextureFormatAndroid (119)
[2017.09.02-06.02.54:244][ 69]LogModuleManager: Shutting down and abandoning module AudioFormatOpus (117)
[2017.09.02-06.02.54:244][ 69]LogModuleManager: Shutting down and abandoning module AudioFormatOgg (115)
[2017.09.02-06.02.54:244][ 69]LogModuleManager: Shutting down and abandoning module AudioFormatADPCM (113)
[2017.09.02-06.02.54:244][ 69]LogModuleManager: Shutting down and abandoning module LinuxTargetPlatform (111)
[2017.09.02-06.02.54:244][ 69]LogModuleManager: Shutting down and abandoning module LinuxServerTargetPlatform (109)
[2017.09.02-06.02.54:244][ 69]LogModuleManager: Shutting down and abandoning module LinuxNoEditorTargetPlatform (107)
[2017.09.02-06.02.54:244][ 69]LogModuleManager: Shutting down and abandoning module LinuxClientTargetPlatform (105)
[2017.09.02-06.02.54:244][ 69]LogModuleManager: Shutting down and abandoning module TVOSTargetPlatform (103)
[2017.09.02-06.02.54:244][ 69]LogModuleManager: Shutting down and abandoning module Messaging (101)
[2017.09.02-06.02.54:244][ 69]LogModuleManager: Shutting down and abandoning module IOSTargetPlatform (99)
[2017.09.02-06.02.54:244][ 69]LogModuleManager: Shutting down and abandoning module HTML5TargetPlatform (97)
[2017.09.02-06.02.54:244][ 69]LogModuleManager: Shutting down and abandoning module Android_PVRTCTargetPlatform (95)
[2017.09.02-06.02.54:244][ 69]LogModuleManager: Shutting down and abandoning module Android_MultiTargetPlatform (93)
[2017.09.02-06.02.54:244][ 69]LogModuleManager: Shutting down and abandoning module Android_ETC2TargetPlatform (91)
[2017.09.02-06.02.54:245][ 69]LogModuleManager: Shutting down and abandoning module Android_ETC1TargetPlatform (89)
[2017.09.02-06.02.54:245][ 69]LogModuleManager: Shutting down and abandoning module Android_DXTTargetPlatform (87)
[2017.09.02-06.02.54:245][ 69]LogModuleManager: Shutting down and abandoning module Android_ATCTargetPlatform (85)
[2017.09.02-06.02.54:245][ 69]LogModuleManager: Shutting down and abandoning module Android_ASTCTargetPlatform (83)
[2017.09.02-06.02.54:245][ 69]LogModuleManager: Shutting down and abandoning module AndroidTargetPlatform (81)
[2017.09.02-06.02.54:245][ 69]LogModuleManager: Shutting down and abandoning module WindowsTargetPlatform (79)
[2017.09.02-06.02.54:245][ 69]LogModuleManager: Shutting down and abandoning module WindowsServerTargetPlatform (77)
[2017.09.02-06.02.54:245][ 69]LogModuleManager: Shutting down and abandoning module WindowsNoEditorTargetPlatform (75)
[2017.09.02-06.02.54:245][ 69]LogModuleManager: Shutting down and abandoning module WindowsClientTargetPlatform (73)
[2017.09.02-06.02.54:245][ 69]LogModuleManager: Shutting down and abandoning module MacTargetPlatform (71)
[2017.09.02-06.02.54:245][ 69]LogModuleManager: Shutting down and abandoning module MacServerTargetPlatform (69)
[2017.09.02-06.02.54:245][ 69]LogModuleManager: Shutting down and abandoning module MacNoEditorTargetPlatform (67)
[2017.09.02-06.02.54:245][ 69]LogModuleManager: Shutting down and abandoning module MacClientTargetPlatform (65)
[2017.09.02-06.02.54:245][ 69]LogModuleManager: Shutting down and abandoning module AllDesktopTargetPlatform (63)
[2017.09.02-06.02.54:245][ 69]LogModuleManager: Shutting down and abandoning module InputCore (60)
[2017.09.02-06.02.54:245][ 69]LogModuleManager: Shutting down and abandoning module Settings (58)
[2017.09.02-06.02.54:245][ 69]LogModuleManager: Shutting down and abandoning module OculusRift (56)
[2017.09.02-06.02.54:245][ 69]LogModuleManager: Shutting down and abandoning module GearVRController (54)
[2017.09.02-06.02.54:245][ 69]LogModuleManager: Shutting down and abandoning module GearVR (52)
[2017.09.02-06.02.54:245][ 69]LogModuleManager: Shutting down and abandoning module ExampleDeviceProfileSelector (50)
[2017.09.02-06.02.54:245][ 69]LogModuleManager: Shutting down and abandoning module OnlineBlueprintSupport (48)
[2017.09.02-06.02.54:245][ 69]LogModuleManager: Shutting down and abandoning module OnlineSubsystem (44)
[2017.09.02-06.02.54:245][ 69]LogOnline:Display: Unloading online subsystem: NULL
[2017.09.02-06.02.54:245][ 69]LogModuleManager: Shutting down and abandoning module XMPP (43)
[2017.09.02-06.02.54:245][ 69]LogModuleManager: Shutting down and abandoning module HTTP (41)
[2017.09.02-06.02.54:245][ 69]LogHttp:Display: Http module shutting down, but needs to wait on 2 outstanding Http requests:
[2017.09.02-06.02.54:245][ 69]LogHttp:Display: 	verb=[POST] url=[https://datarouter.ol.epicgames.com/datarouter/api/v1/public/data?SessionID=%7B341B1FA2-4CA8-8BD9-6F56-6388615F5A66%7D&AppID=UEEditor.Rocket.Release&AppVersion=4.16.2-3514769%2B%2B%2BUE4%2BRelease-4.16&UserID=180b531d487fd4437f7d8080d4b2669e%7C669d81abcf4f493ea240738fd86bce3f%7Ca0e9b169-234f-44a8-aa3a-71a9baeb1230&AppEnvironment=datacollector-binary&UploadType=eteventstream] status=Processing
[2017.09.02-06.02.54:245][ 69]LogHttp:Display: 	verb=[POST] url=[https://datarouter.ol.epicgames.com/datarouter/api/v1/public/data?SessionID=%7B341B1FA2-4CA8-8BD9-6F56-6388615F5A66%7D&AppID=UEEditor.Rocket.Release&AppVersion=4.16.2-3514769%2B%2B%2BUE4%2BRelease-4.16&UserID=180b531d487fd4437f7d8080d4b2669e%7C669d81abcf4f493ea240738fd86bce3f%7Ca0e9b169-234f-44a8-aa3a-71a9baeb1230&AppEnvironment=datacollector-binary&UploadType=eteventstream] status=Processing
[2017.09.02-06.02.54:251][ 69]LogModuleManager: Shutting down and abandoning module SSL (40)
[2017.09.02-06.02.54:255][ 69]LogModuleManager: Shutting down and abandoning module HTTPChunkInstaller (36)
[2017.09.02-06.02.54:255][ 69]LogModuleManager: Shutting down and abandoning module AnimationModifiers (34)
[2017.09.02-06.02.54:255][ 69]LogModuleManager: Shutting down and abandoning module PropertyEditor (33)
[2017.09.02-06.02.54:256][ 69]LogModuleManager: Shutting down and abandoning module AudioEditor (30)
[2017.09.02-06.02.54:256][ 69]LogModuleManager: Shutting down and abandoning module TextureCompressor (28)
[2017.09.02-06.02.54:256][ 69]LogModuleManager: Shutting down and abandoning module ShaderCore (26)
[2017.09.02-06.02.54:256][ 69]LogModuleManager: Shutting down and abandoning module Landscape (24)
[2017.09.02-06.02.54:256][ 69]LogModuleManager: Shutting down and abandoning module SlateRHIRenderer (22)
[2017.09.02-06.02.54:257][ 69]LogModuleManager: Shutting down and abandoning module OpenGLDrv (20)
[2017.09.02-06.02.54:258][ 69]LogModuleManager: Shutting down and abandoning module D3D11RHI (18)
[2017.09.02-06.02.54:258][ 69]LogModuleManager: Shutting down and abandoning module AnimGraphRuntime (16)
[2017.09.02-06.02.54:258][ 69]LogModuleManager: Shutting down and abandoning module Renderer (14)
[2017.09.02-06.02.54:258][ 69]LogModuleManager: Shutting down and abandoning module Engine (12)
[2017.09.02-06.02.54:258][ 69]LogModuleManager: Shutting down and abandoning module CoreUObject (10)
[2017.09.02-06.02.54:258][ 69]LogModuleManager: Shutting down and abandoning module NetworkFile (8)
[2017.09.02-06.02.54:258][ 69]LogModuleManager: Shutting down and abandoning module StreamingFile (6)
[2017.09.02-06.02.54:258][ 69]LogModuleManager: Shutting down and abandoning module SandboxFile (4)
[2017.09.02-06.02.54:258][ 69]LogModuleManager: Shutting down and abandoning module PakFile (2)
[2017.09.02-06.02.54:260][ 69]LogExit: Exiting.
[2017.09.02-06.02.54:294][ 69]Log file closed, 09/02/17 09:02:54
